2025-07-07 09:09:11,434 - INFO - Event E11 processed: Auth failure for client 192.168.1.10
2025-07-07 09:09:13,441 - INFO - Event E75 processed: Watch set on path /app/config
2025-07-07 09:09:15,455 - INFO - Event E39 processed: Initialized data tree
2025-07-07 09:09:17,467 - INFO - Event E65 processed: New session created with session ID 0x0a1b2c
2025-07-07 09:09:19,484 - INFO - Event E77 processed: Leader ping timeout
2025-07-07 09:09:21,489 - INFO - Event E2 processed: New session created with session ID 0x0a1b2c
2025-07-07 09:09:23,499 - INFO - Event E329 processed: Failed to write snapshot to disk
2025-07-07 09:09:25,505 - INFO - Event E343 processed: Unexpected exception in LeaderElection: NullPointerException
2025-07-07 09:09:27,507 - INFO - Event E313 processed: Failed to write snapshot to disk
2025-07-07 09:09:29,518 - INFO - Event E91 processed: Syncing data with leader
2025-07-07 09:09:31,526 - INFO - Event E46 processed: Too many outstanding requests
2025-07-07 09:09:33,528 - INFO - Event E92 processed: Committed transaction proposal
2025-07-07 09:09:35,537 - INFO - Event E393 processed: Service outage detected
2025-07-07 09:09:37,543 - INFO - Event E68 processed: Initialized data tree
2025-07-07 09:09:39,552 - INFO - Event E377 processed: No quorum of peers available
2025-07-07 09:09:41,562 - INFO - Event E337 processed: No quorum of peers available
2025-07-07 09:09:43,572 - INFO - Event E87 processed: No quorum of peers available
2025-07-07 09:09:45,580 - INFO - Event E24 processed: Syncing data with leader
2025-07-07 09:09:47,584 - INFO - Event E1 processed: Initialized data tree
2025-07-07 09:09:49,587 - INFO - Event E86 processed: Connection reset by peer
2025-07-07 09:09:51,594 - INFO - Event E61 processed: Session expired for client 0x2b3c4d
2025-07-07 09:09:53,604 - INFO - Event E67 processed: Connection to 192.168.1.11 refused, retrying
2025-07-07 09:09:55,615 - INFO - Event E315 processed: Failed to write snapshot to disk
2025-07-07 09:09:57,630 - INFO - Event E303 processed: Connection loss to leader
2025-07-07 09:09:59,631 - INFO - Event E306 processed: Transaction log corrupted
2025-07-07 09:10:01,634 - INFO - Event E83 processed: Session 0x1a2b3c nearing expiration
2025-07-07 09:10:03,646 - INFO - Event E96 processed: Client request queue depth high
2025-07-07 09:10:05,660 - INFO - Event E30 processed: Committed transaction proposal
2025-07-07 09:10:07,664 - INFO - Event E54 processed: Initialized data tree
2025-07-07 09:10:09,676 - INFO - Event E84 processed: Fsync delay detected
2025-07-07 09:10:11,680 - INFO - Event E68 processed: Unable to recover from snapshot
2025-07-07 09:10:13,681 - INFO - Event E7 processed: Socket exception on port 2181
2025-07-07 09:10:15,684 - INFO - Event E87 processed: Proposed zxid not increasing
2025-07-07 09:10:17,696 - INFO - Event E84 processed: Proposed zxid not increasing
2025-07-07 09:10:19,697 - INFO - Event E4 processed: Initialized data tree
2025-07-07 09:10:21,704 - INFO - Event E91 processed: Too many outstanding requests
2025-07-07 09:10:23,715 - INFO - Event E1 processed: Session expired for client 0x2b3c4d
2025-07-07 09:10:25,730 - INFO - Event E3 processed: Leader ping timeout
2025-07-07 09:10:27,738 - INFO - Event E69 processed: Processing client request of type exists
2025-07-07 09:10:29,751 - INFO - Event E71 processed: Connection established to ZooKeeper server
2025-07-07 09:10:31,765 - INFO - Event E26 processed: Auth failure for client 192.168.1.10
2025-07-07 09:10:33,775 - INFO - Event E5 processed: Too many outstanding requests
2025-07-07 09:10:35,778 - INFO - Event E9 processed: Committed transaction proposal
2025-07-07 09:10:37,786 - INFO - Event E81 processed: Client request timed out
2025-07-07 09:10:39,799 - INFO - Event E45 processed: Exceeded watch count limit
2025-07-07 09:10:41,801 - INFO - Event E70 processed: Connection to 192.168.1.11 refused, retrying
2025-07-07 09:10:43,802 - INFO - Event E64 processed: Watch set on path /app/config
2025-07-07 09:10:45,811 - INFO - Event E38 processed: Watch set on path /app/config
2025-07-07 09:10:47,819 - INFO - Event E51 processed: Syncing data with leader
2025-07-07 09:10:49,831 - INFO - Event E37 processed: Watch set on path /app/config
2025-07-07 09:10:51,846 - INFO - Event E41 processed: Exceeded watch count limit
2025-07-07 09:10:53,849 - INFO - Event E74 processed: Socket exception on port 2181
2025-07-07 09:10:55,862 - INFO - Event E99 processed: Processing client request of type exists
2025-07-07 09:10:57,864 - INFO - Event E83 processed: Proposed zxid not increasing
2025-07-07 09:10:59,877 - INFO - Event E40 processed: Leader ping timeout
2025-07-07 09:11:01,887 - INFO - Event E34 processed: Slow response from leader
2025-07-07 09:11:03,890 - INFO - Event E2 processed: New session created with session ID 0x0a1b2c
2025-07-07 09:11:05,905 - INFO - Event E41 processed: New session created with session ID 0x0a1b2c
2025-07-07 09:11:07,915 - INFO - Event E52 processed: Leader accepted connection from follower
2025-07-07 09:11:09,916 - INFO - Event E35 processed: Fsync delay detected
2025-07-07 09:11:11,919 - INFO - Event E58 processed: Proposed zxid not increasing
2025-07-07 09:11:13,919 - INFO - Event E13 processed: Session 0x1a2b3c nearing expiration
2025-07-07 09:11:15,921 - INFO - Event E11 processed: Auth failure for client 192.168.1.10
2025-07-07 09:11:17,934 - INFO - Event E61 processed: Leader ping timeout
2025-07-07 09:11:19,949 - INFO - Event E83 processed: Client request queue depth high
2025-07-07 09:11:21,959 - INFO - Event E4 processed: New session created with session ID 0x0a1b2c
2025-07-07 09:11:23,960 - INFO - Event E23 processed: Follower starting handshake with leader
2025-07-07 09:11:25,974 - INFO - Event E41 processed: Ephemeral node created at path /app/node1
2025-07-07 09:11:27,982 - INFO - Event E37 processed: Initialized data tree
2025-07-07 09:11:29,990 - INFO - Event E45 processed: Connection established to ZooKeeper server
2025-07-07 09:11:31,996 - INFO - Event E81 processed: Syncing data with leader
2025-07-07 09:11:34,011 - INFO - Event E21 processed: Ephemeral node created at path /app/node1
2025-07-07 09:11:36,022 - INFO - Event E36 processed: Session 0x1a2b3c nearing expiration
2025-07-07 09:11:38,027 - INFO - Event E94 processed: Connection established to ZooKeeper server
2025-07-07 09:11:40,044 - INFO - Event E68 processed: Connection established to ZooKeeper server
2025-07-07 09:11:42,052 - INFO - Event E68 processed: Connection reset by peer
2025-07-07 09:11:44,054 - INFO - Event E17 processed: New session created with session ID 0x0a1b2c
2025-07-07 09:11:46,059 - INFO - Event E17 processed: Connection to 192.168.1.11 refused, retrying
2025-07-07 09:11:48,071 - INFO - Event E63 processed: Follower starting handshake with leader
2025-07-07 09:11:50,078 - INFO - Event E73 processed: Slow response from leader
2025-07-07 09:11:52,069 - INFO - Event E60 processed: Client request queue depth high
2025-07-07 09:11:54,075 - INFO - Event E66 processed: Session 0x1a2b3c nearing expiration
2025-07-07 09:11:56,083 - INFO - Event E34 processed: Syncing data with leader
2025-07-07 09:11:58,085 - INFO - Event E10 processed: Too many outstanding requests
2025-07-07 09:12:00,085 - INFO - Event E71 processed: Ephemeral node created at path /app/node1
2025-07-07 09:12:02,090 - INFO - Event E43 processed: ZooKeeper service unavailable
2025-07-07 09:12:04,105 - INFO - Event E98 processed: Slow response from leader
2025-07-07 09:12:06,109 - INFO - Event E18 processed: Auth failure for client 192.168.1.10
2025-07-07 09:12:08,111 - INFO - Event E10 processed: Too many outstanding requests
2025-07-07 09:12:10,123 - INFO - Event E71 processed: Leader accepted connection from follower
2025-07-07 09:12:12,136 - INFO - Event E46 processed: Connection reset by peer
2025-07-07 09:12:14,138 - INFO - Event E49 processed: Processing client request of type exists
2025-07-07 09:12:16,152 - INFO - Event E65 processed: Fsync delay detected
2025-07-07 09:12:18,167 - INFO - Event E50 processed: Initialized data tree
2025-07-07 09:12:20,168 - INFO - Event E23 processed: Session expired for client 0x2b3c4d
2025-07-07 09:12:22,173 - INFO - Event E20 processed: No quorum of peers available
2025-07-07 09:12:24,177 - INFO - Event E72 processed: Proposed zxid not increasing
2025-07-07 09:12:26,187 - INFO - Event E10 processed: Slow response from leader
2025-07-07 09:12:28,194 - INFO - Event E94 processed: Too many outstanding requests
2025-07-07 09:12:30,210 - INFO - Event E71 processed: Connection to 192.168.1.11 refused, retrying
2025-07-07 09:12:32,219 - INFO - Event E61 processed: Follower starting handshake with leader
2025-07-07 09:12:34,226 - INFO - Event E71 processed: Session 0x1a2b3c nearing expiration
2025-07-07 09:12:36,231 - INFO - Event E72 processed: Socket exception on port 2181
2025-07-07 09:12:38,242 - INFO - Event E18 processed: Processing client request of type exists
2025-07-07 09:12:40,250 - INFO - Event E85 processed: Unexpected exception in LeaderElection: NullPointerException
2025-07-07 09:12:42,263 - INFO - Event E63 processed: Committed transaction proposal
2025-07-07 09:12:44,270 - INFO - Event E60 processed: New session created with session ID 0x0a1b2c
2025-07-07 09:12:46,283 - INFO - Event E10 processed: Syncing data with leader
2025-07-07 09:12:48,288 - INFO - Event E21 processed: Follower starting handshake with leader
2025-07-07 09:24:46,687 - INFO - Event E11 processed: Auth failure for client 192.168.1.10
2025-07-07 09:24:48,700 - INFO - Event E75 processed: Watch set on path /app/config
2025-07-07 09:24:50,708 - INFO - Event E39 processed: Initialized data tree
2025-07-07 09:24:52,722 - INFO - Event E65 processed: New session created with session ID 0x0a1b2c
2025-07-07 09:24:54,726 - INFO - Event E77 processed: Leader ping timeout
2025-07-07 09:24:56,733 - INFO - Event E2 processed: New session created with session ID 0x0a1b2c
2025-07-07 09:24:58,749 - INFO - Event E329 processed: Failed to write snapshot to disk
2025-07-07 09:25:00,737 - INFO - Event E343 processed: Unexpected exception in LeaderElection: NullPointerException
2025-07-07 09:25:02,749 - INFO - Event E313 processed: Failed to write snapshot to disk
2025-07-07 09:25:04,752 - INFO - Event E91 processed: Syncing data with leader
2025-07-07 09:25:06,768 - INFO - Event E46 processed: Too many outstanding requests
2025-07-07 09:25:08,773 - INFO - Event E92 processed: Committed transaction proposal
2025-07-07 09:25:10,786 - INFO - Event E393 processed: Service outage detected
2025-07-07 09:25:12,789 - INFO - Event E68 processed: Initialized data tree
2025-07-07 09:25:14,805 - INFO - Event E377 processed: No quorum of peers available
2025-07-07 09:25:16,814 - INFO - Event E337 processed: No quorum of peers available
2025-07-07 09:25:18,824 - INFO - Event E87 processed: No quorum of peers available
2025-07-07 09:25:20,828 - INFO - Event E24 processed: Syncing data with leader
2025-07-07 09:25:22,839 - INFO - Event E1 processed: Initialized data tree
2025-07-07 09:25:24,855 - INFO - Event E86 processed: Connection reset by peer
2025-07-07 09:25:26,868 - INFO - Event E61 processed: Session expired for client 0x2b3c4d
2025-07-07 09:25:28,876 - INFO - Event E67 processed: Connection to 192.168.1.11 refused, retrying
2025-07-07 09:25:30,882 - INFO - Event E315 processed: Failed to write snapshot to disk
2025-07-07 09:25:32,889 - INFO - Event E303 processed: Connection loss to leader
2025-07-07 09:25:34,901 - INFO - Event E306 processed: Transaction log corrupted
2025-07-07 09:25:36,915 - INFO - Event E83 processed: Session 0x1a2b3c nearing expiration
2025-07-07 09:25:38,928 - INFO - Event E96 processed: Client request queue depth high
2025-07-07 09:25:40,942 - INFO - Event E30 processed: Committed transaction proposal
2025-07-07 09:25:42,959 - INFO - Event E54 processed: Initialized data tree
2025-07-07 09:25:44,969 - INFO - Event E84 processed: Fsync delay detected
2025-07-07 09:25:46,977 - INFO - Event E68 processed: Unable to recover from snapshot
2025-07-07 09:25:48,986 - INFO - Event E7 processed: Socket exception on port 2181
2025-07-07 09:25:50,997 - INFO - Event E87 processed: Proposed zxid not increasing
2025-07-07 09:25:53,003 - INFO - Event E84 processed: Proposed zxid not increasing
2025-07-07 09:25:55,013 - INFO - Event E4 processed: Initialized data tree
2025-07-07 09:25:57,016 - INFO - Event E91 processed: Too many outstanding requests
2025-07-07 09:25:59,027 - INFO - Event E1 processed: Session expired for client 0x2b3c4d
2025-07-07 09:26:01,031 - INFO - Event E3 processed: Leader ping timeout
2025-07-07 09:26:03,043 - INFO - Event E69 processed: Processing client request of type exists
2025-07-07 09:26:05,054 - INFO - Event E71 processed: Connection established to ZooKeeper server
2025-07-07 09:26:07,063 - INFO - Event E26 processed: Auth failure for client 192.168.1.10
2025-07-07 09:26:09,075 - INFO - Event E5 processed: Too many outstanding requests
2025-07-07 09:26:11,081 - INFO - Event E9 processed: Committed transaction proposal
2025-07-07 09:26:13,089 - INFO - Event E81 processed: Client request timed out
2025-07-07 09:26:15,099 - INFO - Event E45 processed: Exceeded watch count limit
2025-07-07 09:26:17,109 - INFO - Event E70 processed: Connection to 192.168.1.11 refused, retrying
2025-07-07 09:26:19,119 - INFO - Event E64 processed: Watch set on path /app/config
2025-07-07 09:26:21,131 - INFO - Event E38 processed: Watch set on path /app/config
2025-07-07 09:26:23,138 - INFO - Event E51 processed: Syncing data with leader
2025-07-07 09:26:25,139 - INFO - Event E37 processed: Watch set on path /app/config
2025-07-07 09:26:27,141 - INFO - Event E41 processed: Exceeded watch count limit
2025-07-07 09:26:29,133 - INFO - Event E74 processed: Socket exception on port 2181
2025-07-07 09:26:31,152 - INFO - Event E99 processed: Processing client request of type exists
2025-07-07 09:26:33,160 - INFO - Event E83 processed: Proposed zxid not increasing
2025-07-07 09:26:35,162 - INFO - Event E40 processed: Leader ping timeout
2025-07-07 09:26:37,174 - INFO - Event E34 processed: Slow response from leader
2025-07-07 09:26:39,178 - INFO - Event E2 processed: New session created with session ID 0x0a1b2c
2025-07-07 09:26:41,184 - INFO - Event E41 processed: New session created with session ID 0x0a1b2c
2025-07-07 09:26:43,195 - INFO - Event E52 processed: Leader accepted connection from follower
2025-07-07 09:26:45,200 - INFO - Event E35 processed: Fsync delay detected
2025-07-07 09:26:47,216 - INFO - Event E58 processed: Proposed zxid not increasing
2025-07-07 09:26:49,219 - INFO - Event E13 processed: Session 0x1a2b3c nearing expiration
2025-07-07 09:26:51,226 - INFO - Event E11 processed: Auth failure for client 192.168.1.10
2025-07-07 09:26:53,236 - INFO - Event E61 processed: Leader ping timeout
2025-07-07 09:26:55,252 - INFO - Event E83 processed: Client request queue depth high
2025-07-07 09:26:57,260 - INFO - Event E4 processed: New session created with session ID 0x0a1b2c
2025-07-07 09:26:59,276 - INFO - Event E23 processed: Follower starting handshake with leader
2025-07-07 09:27:01,289 - INFO - Event E41 processed: Ephemeral node created at path /app/node1
2025-07-07 09:27:03,293 - INFO - Event E37 processed: Initialized data tree
2025-07-07 09:27:05,298 - INFO - Event E45 processed: Connection established to ZooKeeper server
2025-07-07 09:27:07,306 - INFO - Event E81 processed: Syncing data with leader
2025-07-07 09:27:09,315 - INFO - Event E21 processed: Ephemeral node created at path /app/node1
2025-07-07 09:27:11,323 - INFO - Event E36 processed: Session 0x1a2b3c nearing expiration
2025-07-07 09:27:13,337 - INFO - Event E94 processed: Connection established to ZooKeeper server
2025-07-07 09:27:15,348 - INFO - Event E68 processed: Connection established to ZooKeeper server
2025-07-07 09:27:17,352 - INFO - Event E68 processed: Connection reset by peer
2025-07-07 09:27:19,355 - INFO - Event E17 processed: New session created with session ID 0x0a1b2c
2025-07-07 09:27:21,375 - INFO - Event E17 processed: Connection to 192.168.1.11 refused, retrying
2025-07-07 09:27:23,383 - INFO - Event E63 processed: Follower starting handshake with leader
2025-07-07 09:27:25,394 - INFO - Event E73 processed: Slow response from leader
2025-07-07 09:27:27,396 - INFO - Event E60 processed: Client request queue depth high
2025-07-07 09:27:29,406 - INFO - Event E66 processed: Session 0x1a2b3c nearing expiration
2025-07-07 09:27:31,415 - INFO - Event E34 processed: Syncing data with leader
2025-07-07 09:27:33,432 - INFO - Event E10 processed: Too many outstanding requests
2025-07-07 09:27:35,441 - INFO - Event E71 processed: Ephemeral node created at path /app/node1
2025-07-07 09:27:37,445 - INFO - Event E43 processed: ZooKeeper service unavailable
2025-07-07 09:27:39,456 - INFO - Event E98 processed: Slow response from leader
2025-07-07 09:27:41,469 - INFO - Event E18 processed: Auth failure for client 192.168.1.10
2025-07-07 09:27:43,482 - INFO - Event E10 processed: Too many outstanding requests
2025-07-07 09:27:45,495 - INFO - Event E71 processed: Leader accepted connection from follower
2025-07-07 09:27:47,499 - INFO - Event E46 processed: Connection reset by peer
2025-07-07 09:27:49,507 - INFO - Event E49 processed: Processing client request of type exists
2025-07-07 09:27:51,511 - INFO - Event E65 processed: Fsync delay detected
2025-07-07 09:27:53,517 - INFO - Event E50 processed: Initialized data tree
2025-07-07 09:27:55,520 - INFO - Event E23 processed: Session expired for client 0x2b3c4d
2025-07-07 09:27:57,524 - INFO - Event E20 processed: No quorum of peers available
2025-07-07 09:27:59,531 - INFO - Event E72 processed: Proposed zxid not increasing
2025-07-07 09:28:01,542 - INFO - Event E10 processed: Slow response from leader
2025-07-07 09:28:03,549 - INFO - Event E94 processed: Too many outstanding requests
2025-07-07 09:28:05,556 - INFO - Event E71 processed: Connection to 192.168.1.11 refused, retrying
2025-07-07 09:28:07,565 - INFO - Event E61 processed: Follower starting handshake with leader
2025-07-07 09:28:09,581 - INFO - Event E71 processed: Session 0x1a2b3c nearing expiration
2025-07-07 09:28:11,589 - INFO - Event E72 processed: Socket exception on port 2181
2025-07-07 09:28:13,597 - INFO - Event E18 processed: Processing client request of type exists
2025-07-07 09:28:15,605 - INFO - Event E85 processed: Unexpected exception in LeaderElection: NullPointerException
2025-07-07 09:28:17,617 - INFO - Event E63 processed: Committed transaction proposal
2025-07-07 09:28:19,629 - INFO - Event E60 processed: New session created with session ID 0x0a1b2c
2025-07-07 09:28:21,638 - INFO - Event E10 processed: Syncing data with leader
2025-07-07 09:28:23,650 - INFO - Event E21 processed: Follower starting handshake with leader
2025-07-07 09:40:55,528 - INFO - Event E11 processed: Auth failure for client 192.168.1.10
2025-07-07 09:40:57,537 - INFO - Event E75 processed: Watch set on path /app/config
2025-07-07 09:40:59,539 - INFO - Event E39 processed: Initialized data tree
2025-07-07 09:41:01,551 - INFO - Event E65 processed: New session created with session ID 0x0a1b2c
2025-07-07 09:41:03,562 - INFO - Event E77 processed: Leader ping timeout
2025-07-07 09:41:05,572 - INFO - Event E2 processed: New session created with session ID 0x0a1b2c
2025-07-07 09:41:07,577 - INFO - Event E329 processed: Failed to write snapshot to disk
2025-07-07 09:41:09,585 - INFO - Event E343 processed: Unexpected exception in LeaderElection: NullPointerException
2025-07-07 09:41:11,596 - INFO - Event E313 processed: Failed to write snapshot to disk
2025-07-07 09:41:13,605 - INFO - Event E91 processed: Syncing data with leader
2025-07-07 09:41:15,606 - INFO - Event E46 processed: Too many outstanding requests
2025-07-07 09:41:17,619 - INFO - Event E92 processed: Committed transaction proposal
2025-07-07 09:41:19,631 - INFO - Event E393 processed: Service outage detected
2025-07-07 09:41:21,632 - INFO - Event E68 processed: Initialized data tree
2025-07-07 09:41:23,636 - INFO - Event E377 processed: No quorum of peers available
2025-07-07 09:41:25,649 - INFO - Event E337 processed: No quorum of peers available
2025-07-07 09:41:27,654 - INFO - Event E87 processed: No quorum of peers available
2025-07-07 09:41:29,669 - INFO - Event E24 processed: Syncing data with leader
2025-07-07 09:41:31,683 - INFO - Event E1 processed: Initialized data tree
2025-07-07 09:41:33,687 - INFO - Event E86 processed: Connection reset by peer
2025-07-07 09:41:35,690 - INFO - Event E61 processed: Session expired for client 0x2b3c4d
2025-07-07 09:41:37,700 - INFO - Event E67 processed: Connection to 192.168.1.11 refused, retrying
2025-07-07 09:41:39,707 - INFO - Event E315 processed: Failed to write snapshot to disk
2025-07-07 09:41:41,722 - INFO - Event E303 processed: Connection loss to leader
2025-07-07 09:41:43,727 - INFO - Event E306 processed: Transaction log corrupted
2025-07-07 09:41:45,740 - INFO - Event E83 processed: Session 0x1a2b3c nearing expiration
2025-07-07 09:41:47,742 - INFO - Event E96 processed: Client request queue depth high
2025-07-07 09:41:49,749 - INFO - Event E30 processed: Committed transaction proposal
2025-07-07 09:41:51,755 - INFO - Event E54 processed: Initialized data tree
2025-07-07 09:41:53,764 - INFO - Event E84 processed: Fsync delay detected
2025-07-07 09:41:55,767 - INFO - Event E68 processed: Unable to recover from snapshot
2025-07-07 09:41:57,782 - INFO - Event E7 processed: Socket exception on port 2181
2025-07-07 09:41:59,784 - INFO - Event E87 processed: Proposed zxid not increasing
2025-07-07 09:42:01,796 - INFO - Event E84 processed: Proposed zxid not increasing
2025-07-07 09:42:03,801 - INFO - Event E4 processed: Initialized data tree
2025-07-07 09:42:05,807 - INFO - Event E91 processed: Too many outstanding requests
2025-07-07 09:42:07,815 - INFO - Event E1 processed: Session expired for client 0x2b3c4d
2025-07-07 09:42:09,820 - INFO - Event E3 processed: Leader ping timeout
2025-07-07 09:42:11,831 - INFO - Event E69 processed: Processing client request of type exists
2025-07-07 09:42:13,840 - INFO - Event E71 processed: Connection established to ZooKeeper server
2025-07-07 09:42:15,845 - INFO - Event E26 processed: Auth failure for client 192.168.1.10
2025-07-07 09:42:17,855 - INFO - Event E5 processed: Too many outstanding requests
2025-07-07 09:42:19,858 - INFO - Event E9 processed: Committed transaction proposal
2025-07-07 09:42:21,865 - INFO - Event E81 processed: Client request timed out
2025-07-07 09:42:23,875 - INFO - Event E45 processed: Exceeded watch count limit
2025-07-07 09:42:25,880 - INFO - Event E70 processed: Connection to 192.168.1.11 refused, retrying
2025-07-07 09:42:27,883 - INFO - Event E64 processed: Watch set on path /app/config
2025-07-07 09:42:29,888 - INFO - Event E38 processed: Watch set on path /app/config
2025-07-07 09:42:31,899 - INFO - Event E51 processed: Syncing data with leader
2025-07-07 09:42:33,907 - INFO - Event E37 processed: Watch set on path /app/config
2025-07-07 09:42:35,919 - INFO - Event E41 processed: Exceeded watch count limit
2025-07-07 09:42:37,932 - INFO - Event E74 processed: Socket exception on port 2181
2025-07-07 09:42:39,946 - INFO - Event E99 processed: Processing client request of type exists
2025-07-07 09:42:41,958 - INFO - Event E83 processed: Proposed zxid not increasing
2025-07-07 09:42:43,970 - INFO - Event E40 processed: Leader ping timeout
2025-07-07 09:42:45,977 - INFO - Event E34 processed: Slow response from leader
2025-07-07 09:42:47,991 - INFO - Event E2 processed: New session created with session ID 0x0a1b2c
2025-07-07 09:42:49,994 - INFO - Event E41 processed: New session created with session ID 0x0a1b2c
2025-07-07 09:42:51,996 - INFO - Event E52 processed: Leader accepted connection from follower
2025-07-07 09:42:54,010 - INFO - Event E35 processed: Fsync delay detected
2025-07-07 09:42:56,024 - INFO - Event E58 processed: Proposed zxid not increasing
2025-07-07 09:42:58,034 - INFO - Event E13 processed: Session 0x1a2b3c nearing expiration
2025-07-07 09:43:00,040 - INFO - Event E11 processed: Auth failure for client 192.168.1.10
2025-07-07 09:43:02,047 - INFO - Event E61 processed: Leader ping timeout
2025-07-07 09:43:04,056 - INFO - Event E83 processed: Client request queue depth high
2025-07-07 09:43:06,061 - INFO - Event E4 processed: New session created with session ID 0x0a1b2c
2025-07-07 09:43:08,065 - INFO - Event E23 processed: Follower starting handshake with leader
2025-07-07 09:43:10,072 - INFO - Event E41 processed: Ephemeral node created at path /app/node1
2025-07-07 09:43:12,084 - INFO - Event E37 processed: Initialized data tree
2025-07-07 09:43:14,098 - INFO - Event E45 processed: Connection established to ZooKeeper server
2025-07-07 09:43:16,110 - INFO - Event E81 processed: Syncing data with leader
2025-07-07 09:43:18,111 - INFO - Event E21 processed: Ephemeral node created at path /app/node1
2025-07-07 09:43:20,123 - INFO - Event E36 processed: Session 0x1a2b3c nearing expiration
2025-07-07 09:43:22,129 - INFO - Event E94 processed: Connection established to ZooKeeper server
2025-07-07 09:43:24,133 - INFO - Event E68 processed: Connection established to ZooKeeper server
2025-07-07 09:43:26,140 - INFO - Event E68 processed: Connection reset by peer
2025-07-07 09:43:28,145 - INFO - Event E17 processed: New session created with session ID 0x0a1b2c
2025-07-07 09:43:30,155 - INFO - Event E17 processed: Connection to 192.168.1.11 refused, retrying
2025-07-07 09:43:32,157 - INFO - Event E63 processed: Follower starting handshake with leader
2025-07-07 09:43:34,165 - INFO - Event E73 processed: Slow response from leader
2025-07-07 09:43:36,176 - INFO - Event E60 processed: Client request queue depth high
2025-07-07 09:43:38,187 - INFO - Event E66 processed: Session 0x1a2b3c nearing expiration
2025-07-07 09:43:40,193 - INFO - Event E34 processed: Syncing data with leader
2025-07-07 09:43:42,208 - INFO - Event E10 processed: Too many outstanding requests
2025-07-07 09:43:44,210 - INFO - Event E71 processed: Ephemeral node created at path /app/node1
2025-07-07 09:43:46,218 - INFO - Event E43 processed: ZooKeeper service unavailable
2025-07-07 09:43:48,224 - INFO - Event E98 processed: Slow response from leader
2025-07-07 09:43:50,238 - INFO - Event E18 processed: Auth failure for client 192.168.1.10
2025-07-07 09:43:52,254 - INFO - Event E10 processed: Too many outstanding requests
2025-07-07 09:43:54,258 - INFO - Event E71 processed: Leader accepted connection from follower
2025-07-07 09:43:56,271 - INFO - Event E46 processed: Connection reset by peer
2025-07-07 09:43:58,276 - INFO - Event E49 processed: Processing client request of type exists
2025-07-07 09:44:00,285 - INFO - Event E65 processed: Fsync delay detected
2025-07-07 09:44:02,299 - INFO - Event E50 processed: Initialized data tree
2025-07-07 09:44:04,310 - INFO - Event E23 processed: Session expired for client 0x2b3c4d
2025-07-07 09:44:06,320 - INFO - Event E20 processed: No quorum of peers available
2025-07-07 09:44:08,333 - INFO - Event E72 processed: Proposed zxid not increasing
2025-07-07 09:44:10,342 - INFO - Event E10 processed: Slow response from leader
2025-07-07 09:44:12,349 - INFO - Event E94 processed: Too many outstanding requests
2025-07-07 09:44:14,354 - INFO - Event E71 processed: Connection to 192.168.1.11 refused, retrying
2025-07-07 09:44:16,367 - INFO - Event E61 processed: Follower starting handshake with leader
2025-07-07 09:44:18,384 - INFO - Event E71 processed: Session 0x1a2b3c nearing expiration
2025-07-07 09:44:20,387 - INFO - Event E72 processed: Socket exception on port 2181
2025-07-07 09:44:22,397 - INFO - Event E18 processed: Processing client request of type exists
2025-07-07 09:44:24,399 - INFO - Event E85 processed: Unexpected exception in LeaderElection: NullPointerException
2025-07-07 09:44:26,406 - INFO - Event E63 processed: Committed transaction proposal
2025-07-07 09:44:28,415 - INFO - Event E60 processed: New session created with session ID 0x0a1b2c
2025-07-07 09:44:30,425 - INFO - Event E10 processed: Syncing data with leader
2025-07-07 09:44:32,435 - INFO - Event E21 processed: Follower starting handshake with leader
2025-07-07 09:55:38,857 - INFO - Event E11 processed: Auth failure for client 192.168.1.10
2025-07-07 09:55:40,870 - INFO - Event E75 processed: Watch set on path /app/config
2025-07-07 09:55:42,872 - INFO - Event E39 processed: Initialized data tree
2025-07-07 09:55:44,877 - INFO - Event E65 processed: New session created with session ID 0x0a1b2c
2025-07-07 09:55:46,885 - INFO - Event E77 processed: Leader ping timeout
2025-07-07 09:55:48,894 - INFO - Event E2 processed: New session created with session ID 0x0a1b2c
2025-07-07 09:55:50,906 - INFO - Event E329 processed: Failed to write snapshot to disk
2025-07-07 09:55:52,913 - INFO - Event E343 processed: Unexpected exception in LeaderElection: NullPointerException
2025-07-07 09:55:54,924 - INFO - Event E313 processed: Failed to write snapshot to disk
2025-07-07 09:55:56,935 - INFO - Event E91 processed: Syncing data with leader
2025-07-07 09:55:58,936 - INFO - Event E46 processed: Too many outstanding requests
2025-07-07 09:56:00,948 - INFO - Event E92 processed: Committed transaction proposal
2025-07-07 09:56:02,962 - INFO - Event E393 processed: Service outage detected
2025-07-07 09:56:04,964 - INFO - Event E68 processed: Initialized data tree
2025-07-07 09:56:06,969 - INFO - Event E377 processed: No quorum of peers available
2025-07-07 09:56:08,981 - INFO - Event E337 processed: No quorum of peers available
2025-07-07 09:56:10,997 - INFO - Event E87 processed: No quorum of peers available
2025-07-07 09:56:13,007 - INFO - Event E24 processed: Syncing data with leader
2025-07-07 09:56:15,018 - INFO - Event E1 processed: Initialized data tree
2025-07-07 09:56:17,021 - INFO - Event E86 processed: Connection reset by peer
2025-07-07 09:56:19,034 - INFO - Event E61 processed: Session expired for client 0x2b3c4d
2025-07-07 09:56:21,041 - INFO - Event E67 processed: Connection to 192.168.1.11 refused, retrying
2025-07-07 09:56:23,050 - INFO - Event E315 processed: Failed to write snapshot to disk
2025-07-07 09:56:25,063 - INFO - Event E303 processed: Connection loss to leader
2025-07-07 09:56:27,078 - INFO - Event E306 processed: Transaction log corrupted
2025-07-07 09:56:29,087 - INFO - Event E83 processed: Session 0x1a2b3c nearing expiration
2025-07-07 09:56:31,099 - INFO - Event E96 processed: Client request queue depth high
2025-07-07 09:56:33,103 - INFO - Event E30 processed: Committed transaction proposal
2025-07-07 09:56:35,111 - INFO - Event E54 processed: Initialized data tree
2025-07-07 09:56:37,121 - INFO - Event E84 processed: Fsync delay detected
2025-07-07 09:56:39,129 - INFO - Event E68 processed: Unable to recover from snapshot
2025-07-07 09:56:41,134 - INFO - Event E7 processed: Socket exception on port 2181
2025-07-07 09:56:43,145 - INFO - Event E87 processed: Proposed zxid not increasing
2025-07-07 09:56:45,155 - INFO - Event E84 processed: Proposed zxid not increasing
2025-07-07 09:56:47,166 - INFO - Event E4 processed: Initialized data tree
2025-07-07 09:56:49,174 - INFO - Event E91 processed: Too many outstanding requests
2025-07-07 09:56:51,186 - INFO - Event E1 processed: Session expired for client 0x2b3c4d
2025-07-07 09:56:53,202 - INFO - Event E3 processed: Leader ping timeout
2025-07-07 09:56:55,212 - INFO - Event E69 processed: Processing client request of type exists
2025-07-07 09:56:57,225 - INFO - Event E71 processed: Connection established to ZooKeeper server
2025-07-07 09:56:59,234 - INFO - Event E26 processed: Auth failure for client 192.168.1.10
2025-07-07 09:57:01,251 - INFO - Event E5 processed: Too many outstanding requests
2025-07-07 09:57:03,264 - INFO - Event E9 processed: Committed transaction proposal
2025-07-07 09:57:05,268 - INFO - Event E81 processed: Client request timed out
2025-07-07 09:57:07,275 - INFO - Event E45 processed: Exceeded watch count limit
2025-07-07 09:57:09,281 - INFO - Event E70 processed: Connection to 192.168.1.11 refused, retrying
2025-07-07 09:57:11,290 - INFO - Event E64 processed: Watch set on path /app/config
2025-07-07 09:57:13,295 - INFO - Event E38 processed: Watch set on path /app/config
2025-07-07 09:57:15,311 - INFO - Event E51 processed: Syncing data with leader
2025-07-07 09:57:17,312 - INFO - Event E37 processed: Watch set on path /app/config
2025-07-07 09:57:19,315 - INFO - Event E41 processed: Exceeded watch count limit
2025-07-07 09:57:21,317 - INFO - Event E74 processed: Socket exception on port 2181
2025-07-07 09:57:23,328 - INFO - Event E99 processed: Processing client request of type exists
2025-07-07 09:57:25,334 - INFO - Event E83 processed: Proposed zxid not increasing
2025-07-07 09:57:27,343 - INFO - Event E40 processed: Leader ping timeout
2025-07-07 09:57:29,354 - INFO - Event E34 processed: Slow response from leader
2025-07-07 09:57:31,363 - INFO - Event E2 processed: New session created with session ID 0x0a1b2c
2025-07-07 09:57:33,378 - INFO - Event E41 processed: New session created with session ID 0x0a1b2c
2025-07-07 09:57:35,390 - INFO - Event E52 processed: Leader accepted connection from follower
2025-07-07 09:57:37,392 - INFO - Event E35 processed: Fsync delay detected
2025-07-07 09:57:39,405 - INFO - Event E58 processed: Proposed zxid not increasing
2025-07-07 09:57:41,420 - INFO - Event E13 processed: Session 0x1a2b3c nearing expiration
2025-07-07 09:57:43,422 - INFO - Event E11 processed: Auth failure for client 192.168.1.10
2025-07-07 09:57:45,428 - INFO - Event E61 processed: Leader ping timeout
2025-07-07 09:57:47,437 - INFO - Event E83 processed: Client request queue depth high
2025-07-07 09:57:49,448 - INFO - Event E4 processed: New session created with session ID 0x0a1b2c
2025-07-07 09:57:51,463 - INFO - Event E23 processed: Follower starting handshake with leader
2025-07-07 09:57:53,466 - INFO - Event E41 processed: Ephemeral node created at path /app/node1
2025-07-07 09:57:55,477 - INFO - Event E37 processed: Initialized data tree
2025-07-07 09:57:57,493 - INFO - Event E45 processed: Connection established to ZooKeeper server
2025-07-07 09:57:59,500 - INFO - Event E81 processed: Syncing data with leader
2025-07-07 09:58:01,508 - INFO - Event E21 processed: Ephemeral node created at path /app/node1
2025-07-07 09:58:03,514 - INFO - Event E36 processed: Session 0x1a2b3c nearing expiration
2025-07-07 09:58:05,524 - INFO - Event E94 processed: Connection established to ZooKeeper server
2025-07-07 09:58:07,532 - INFO - Event E68 processed: Connection established to ZooKeeper server
2025-07-07 09:58:09,541 - INFO - Event E68 processed: Connection reset by peer
2025-07-07 09:58:11,551 - INFO - Event E17 processed: New session created with session ID 0x0a1b2c
2025-07-07 09:58:13,564 - INFO - Event E17 processed: Connection to 192.168.1.11 refused, retrying
2025-07-07 09:58:15,571 - INFO - Event E63 processed: Follower starting handshake with leader
2025-07-07 09:58:17,579 - INFO - Event E73 processed: Slow response from leader
2025-07-07 09:58:19,590 - INFO - Event E60 processed: Client request queue depth high
2025-07-07 09:58:21,605 - INFO - Event E66 processed: Session 0x1a2b3c nearing expiration
2025-07-07 09:58:23,612 - INFO - Event E34 processed: Syncing data with leader
2025-07-07 09:58:25,616 - INFO - Event E10 processed: Too many outstanding requests
2025-07-07 09:58:27,620 - INFO - Event E71 processed: Ephemeral node created at path /app/node1
2025-07-07 09:58:29,631 - INFO - Event E43 processed: ZooKeeper service unavailable
2025-07-07 09:58:31,636 - INFO - Event E98 processed: Slow response from leader
2025-07-07 09:58:33,650 - INFO - Event E18 processed: Auth failure for client 192.168.1.10
2025-07-07 09:58:35,666 - INFO - Event E10 processed: Too many outstanding requests
2025-07-07 09:58:37,677 - INFO - Event E71 processed: Leader accepted connection from follower
2025-07-07 09:58:39,685 - INFO - Event E46 processed: Connection reset by peer
2025-07-07 09:58:41,701 - INFO - Event E49 processed: Processing client request of type exists
2025-07-07 09:58:43,709 - INFO - Event E65 processed: Fsync delay detected
2025-07-07 09:58:45,715 - INFO - Event E50 processed: Initialized data tree
2025-07-07 09:58:47,726 - INFO - Event E23 processed: Session expired for client 0x2b3c4d
2025-07-07 09:58:49,733 - INFO - Event E20 processed: No quorum of peers available
2025-07-07 09:58:51,744 - INFO - Event E72 processed: Proposed zxid not increasing
2025-07-07 09:58:53,748 - INFO - Event E10 processed: Slow response from leader
2025-07-07 09:58:55,758 - INFO - Event E94 processed: Too many outstanding requests
2025-07-07 09:58:57,774 - INFO - Event E71 processed: Connection to 192.168.1.11 refused, retrying
2025-07-07 09:58:59,785 - INFO - Event E61 processed: Follower starting handshake with leader
2025-07-07 09:59:01,795 - INFO - Event E71 processed: Session 0x1a2b3c nearing expiration
2025-07-07 09:59:03,808 - INFO - Event E72 processed: Socket exception on port 2181
2025-07-07 09:59:05,820 - INFO - Event E18 processed: Processing client request of type exists
2025-07-07 09:59:07,828 - INFO - Event E85 processed: Unexpected exception in LeaderElection: NullPointerException
2025-07-07 09:59:09,842 - INFO - Event E63 processed: Committed transaction proposal
2025-07-07 09:59:11,858 - INFO - Event E60 processed: New session created with session ID 0x0a1b2c
2025-07-07 09:59:13,865 - INFO - Event E10 processed: Syncing data with leader
2025-07-07 09:59:15,875 - INFO - Event E21 processed: Follower starting handshake with leader
2025-07-07 10:02:22,611 - INFO - Event E11 processed: Auth failure for client 192.168.1.10
2025-07-07 10:02:24,617 - INFO - Event E75 processed: Watch set on path /app/config
2025-07-07 10:02:26,635 - INFO - Event E39 processed: Initialized data tree
2025-07-07 10:02:28,651 - INFO - Event E65 processed: New session created with session ID 0x0a1b2c
2025-07-07 10:02:30,654 - INFO - Event E77 processed: Leader ping timeout
2025-07-07 10:02:32,663 - INFO - Event E2 processed: New session created with session ID 0x0a1b2c
2025-07-07 10:02:34,671 - INFO - Event E329 processed: Failed to write snapshot to disk
2025-07-07 10:02:36,679 - INFO - Event E343 processed: Unexpected exception in LeaderElection: NullPointerException
2025-07-07 10:02:38,689 - INFO - Event E313 processed: Failed to write snapshot to disk
2025-07-07 10:02:40,702 - INFO - Event E91 processed: Syncing data with leader
2025-07-07 10:02:42,707 - INFO - Event E46 processed: Too many outstanding requests
2025-07-07 10:02:44,723 - INFO - Event E92 processed: Committed transaction proposal
2025-07-07 10:02:46,727 - INFO - Event E393 processed: Service outage detected
2025-07-07 10:02:48,734 - INFO - Event E68 processed: Initialized data tree
2025-07-07 10:02:50,747 - INFO - Event E377 processed: No quorum of peers available
2025-07-07 10:02:52,751 - INFO - Event E337 processed: No quorum of peers available
2025-07-07 10:02:54,769 - INFO - Event E87 processed: No quorum of peers available
2025-07-07 10:02:56,775 - INFO - Event E24 processed: Syncing data with leader
2025-07-07 10:02:58,787 - INFO - Event E1 processed: Initialized data tree
2025-07-07 10:03:00,790 - INFO - Event E86 processed: Connection reset by peer
2025-07-07 10:03:02,806 - INFO - Event E61 processed: Session expired for client 0x2b3c4d
2025-07-07 10:03:04,820 - INFO - Event E67 processed: Connection to 192.168.1.11 refused, retrying
2025-07-07 10:03:06,827 - INFO - Event E315 processed: Failed to write snapshot to disk
2025-07-07 10:03:08,836 - INFO - Event E303 processed: Connection loss to leader
2025-07-07 10:03:10,842 - INFO - Event E306 processed: Transaction log corrupted
2025-07-07 10:03:12,854 - INFO - Event E83 processed: Session 0x1a2b3c nearing expiration
2025-07-07 10:03:14,862 - INFO - Event E96 processed: Client request queue depth high
2025-07-07 10:03:16,864 - INFO - Event E30 processed: Committed transaction proposal
2025-07-07 10:03:18,876 - INFO - Event E54 processed: Initialized data tree
2025-07-07 10:03:20,886 - INFO - Event E84 processed: Fsync delay detected
2025-07-07 10:03:22,897 - INFO - Event E68 processed: Unable to recover from snapshot
2025-07-07 10:03:24,906 - INFO - Event E7 processed: Socket exception on port 2181
2025-07-07 10:03:26,910 - INFO - Event E87 processed: Proposed zxid not increasing
2025-07-07 10:03:28,918 - INFO - Event E84 processed: Proposed zxid not increasing
2025-07-07 10:03:30,930 - INFO - Event E4 processed: Initialized data tree
2025-07-07 10:03:32,937 - INFO - Event E91 processed: Too many outstanding requests
2025-07-07 10:03:34,940 - INFO - Event E1 processed: Session expired for client 0x2b3c4d
2025-07-07 10:03:36,949 - INFO - Event E3 processed: Leader ping timeout
2025-07-07 10:03:38,952 - INFO - Event E69 processed: Processing client request of type exists
2025-07-07 10:03:40,962 - INFO - Event E71 processed: Connection established to ZooKeeper server
2025-07-07 10:03:42,975 - INFO - Event E26 processed: Auth failure for client 192.168.1.10
2025-07-07 10:03:44,978 - INFO - Event E5 processed: Too many outstanding requests
2025-07-07 10:03:46,987 - INFO - Event E9 processed: Committed transaction proposal
2025-07-07 10:03:48,998 - INFO - Event E81 processed: Client request timed out
2025-07-07 10:03:51,007 - INFO - Event E45 processed: Exceeded watch count limit
2025-07-07 10:03:53,013 - INFO - Event E70 processed: Connection to 192.168.1.11 refused, retrying
2025-07-07 10:03:55,023 - INFO - Event E64 processed: Watch set on path /app/config
2025-07-07 10:03:57,033 - INFO - Event E38 processed: Watch set on path /app/config
2025-07-07 10:03:59,038 - INFO - Event E51 processed: Syncing data with leader
2025-07-07 10:04:01,047 - INFO - Event E37 processed: Watch set on path /app/config
2025-07-07 10:04:03,055 - INFO - Event E41 processed: Exceeded watch count limit
2025-07-07 10:04:05,060 - INFO - Event E74 processed: Socket exception on port 2181
2025-07-07 10:04:07,068 - INFO - Event E99 processed: Processing client request of type exists
2025-07-07 10:04:09,079 - INFO - Event E83 processed: Proposed zxid not increasing
2025-07-07 10:04:11,086 - INFO - Event E40 processed: Leader ping timeout
2025-07-07 10:04:13,095 - INFO - Event E34 processed: Slow response from leader
2025-07-07 10:04:15,102 - INFO - Event E2 processed: New session created with session ID 0x0a1b2c
2025-07-07 10:04:17,117 - INFO - Event E41 processed: New session created with session ID 0x0a1b2c
2025-07-07 10:04:19,125 - INFO - Event E52 processed: Leader accepted connection from follower
2025-07-07 10:04:21,128 - INFO - Event E35 processed: Fsync delay detected
2025-07-07 10:04:23,142 - INFO - Event E58 processed: Proposed zxid not increasing
2025-07-07 10:04:25,145 - INFO - Event E13 processed: Session 0x1a2b3c nearing expiration
2025-07-07 10:04:27,154 - INFO - Event E11 processed: Auth failure for client 192.168.1.10
2025-07-07 10:04:29,162 - INFO - Event E61 processed: Leader ping timeout
2025-07-07 10:04:31,172 - INFO - Event E83 processed: Client request queue depth high
2025-07-07 10:04:33,183 - INFO - Event E4 processed: New session created with session ID 0x0a1b2c
2025-07-07 10:04:35,187 - INFO - Event E23 processed: Follower starting handshake with leader
2025-07-07 10:04:37,203 - INFO - Event E41 processed: Ephemeral node created at path /app/node1
2025-07-07 10:04:39,212 - INFO - Event E37 processed: Initialized data tree
2025-07-07 10:04:41,223 - INFO - Event E45 processed: Connection established to ZooKeeper server
2025-07-07 10:04:43,234 - INFO - Event E81 processed: Syncing data with leader
2025-07-07 10:04:45,244 - INFO - Event E21 processed: Ephemeral node created at path /app/node1
2025-07-07 10:04:47,257 - INFO - Event E36 processed: Session 0x1a2b3c nearing expiration
2025-07-07 10:04:49,260 - INFO - Event E94 processed: Connection established to ZooKeeper server
2025-07-07 10:04:51,270 - INFO - Event E68 processed: Connection established to ZooKeeper server
2025-07-07 10:04:53,277 - INFO - Event E68 processed: Connection reset by peer
2025-07-07 10:04:55,279 - INFO - Event E17 processed: New session created with session ID 0x0a1b2c
2025-07-07 10:04:57,286 - INFO - Event E17 processed: Connection to 192.168.1.11 refused, retrying
2025-07-07 10:04:59,293 - INFO - Event E63 processed: Follower starting handshake with leader
2025-07-07 10:05:01,299 - INFO - Event E73 processed: Slow response from leader
2025-07-07 10:05:03,310 - INFO - Event E60 processed: Client request queue depth high
2025-07-07 10:05:05,326 - INFO - Event E66 processed: Session 0x1a2b3c nearing expiration
2025-07-07 10:05:07,340 - INFO - Event E34 processed: Syncing data with leader
2025-07-07 10:05:09,345 - INFO - Event E10 processed: Too many outstanding requests
2025-07-07 10:05:11,361 - INFO - Event E71 processed: Ephemeral node created at path /app/node1
2025-07-07 10:05:13,367 - INFO - Event E43 processed: ZooKeeper service unavailable
2025-07-07 10:05:15,370 - INFO - Event E98 processed: Slow response from leader
2025-07-07 10:05:17,376 - INFO - Event E18 processed: Auth failure for client 192.168.1.10
2025-07-07 10:05:19,383 - INFO - Event E10 processed: Too many outstanding requests
2025-07-07 10:05:21,394 - INFO - Event E71 processed: Leader accepted connection from follower
2025-07-07 10:05:23,409 - INFO - Event E46 processed: Connection reset by peer
2025-07-07 10:05:25,423 - INFO - Event E49 processed: Processing client request of type exists
2025-07-07 10:05:27,429 - INFO - Event E65 processed: Fsync delay detected
2025-07-07 10:05:29,438 - INFO - Event E50 processed: Initialized data tree
2025-07-07 10:05:31,451 - INFO - Event E23 processed: Session expired for client 0x2b3c4d
2025-07-07 10:05:33,453 - INFO - Event E20 processed: No quorum of peers available
2025-07-07 10:05:35,455 - INFO - Event E72 processed: Proposed zxid not increasing
2025-07-07 10:05:37,462 - INFO - Event E10 processed: Slow response from leader
2025-07-07 10:05:39,465 - INFO - Event E94 processed: Too many outstanding requests
2025-07-07 10:05:41,472 - INFO - Event E71 processed: Connection to 192.168.1.11 refused, retrying
2025-07-07 10:05:43,482 - INFO - Event E61 processed: Follower starting handshake with leader
2025-07-07 10:05:45,488 - INFO - Event E71 processed: Session 0x1a2b3c nearing expiration
2025-07-07 10:05:47,499 - INFO - Event E72 processed: Socket exception on port 2181
2025-07-07 10:05:49,510 - INFO - Event E18 processed: Processing client request of type exists
2025-07-07 10:05:51,516 - INFO - Event E85 processed: Unexpected exception in LeaderElection: NullPointerException
2025-07-07 10:05:53,529 - INFO - Event E63 processed: Committed transaction proposal
2025-07-07 10:05:55,535 - INFO - Event E60 processed: New session created with session ID 0x0a1b2c
2025-07-07 10:05:57,541 - INFO - Event E10 processed: Syncing data with leader
2025-07-07 10:05:59,544 - INFO - Event E21 processed: Follower starting handshake with leader
2025-07-07 15:00:02,186 - INFO - Event E11 processed: Auth failure for client 192.168.1.10
2025-07-07 15:00:04,198 - INFO - Event E75 processed: Watch set on path /app/config
2025-07-07 15:00:06,204 - INFO - Event E39 processed: Initialized data tree
2025-07-07 15:00:08,216 - INFO - Event E65 processed: New session created with session ID 0x0a1b2c
2025-07-07 15:00:10,230 - INFO - Event E77 processed: Leader ping timeout
2025-07-07 15:00:12,242 - INFO - Event E2 processed: New session created with session ID 0x0a1b2c
2025-07-07 15:00:14,243 - INFO - Event E329 processed: Failed to write snapshot to disk
2025-07-07 15:00:16,249 - INFO - Event E343 processed: Unexpected exception in LeaderElection: NullPointerException
2025-07-07 15:00:18,258 - INFO - Event E313 processed: Failed to write snapshot to disk
2025-07-07 15:00:20,266 - INFO - Event E91 processed: Syncing data with leader
2025-07-07 15:00:22,277 - INFO - Event E46 processed: Too many outstanding requests
2025-07-07 15:00:24,291 - INFO - Event E92 processed: Committed transaction proposal
2025-07-07 15:00:26,303 - INFO - Event E393 processed: Service outage detected
2025-07-07 15:00:28,306 - INFO - Event E68 processed: Initialized data tree
2025-07-07 15:00:30,311 - INFO - Event E377 processed: No quorum of peers available
2025-07-07 15:00:32,318 - INFO - Event E337 processed: No quorum of peers available
2025-07-07 15:00:34,324 - INFO - Event E87 processed: No quorum of peers available
2025-07-07 15:00:36,337 - INFO - Event E24 processed: Syncing data with leader
2025-07-07 15:00:38,345 - INFO - Event E1 processed: Initialized data tree
2025-07-07 15:00:40,349 - INFO - Event E86 processed: Connection reset by peer
2025-07-07 15:00:42,359 - INFO - Event E61 processed: Session expired for client 0x2b3c4d
2025-07-07 15:00:44,362 - INFO - Event E67 processed: Connection to 192.168.1.11 refused, retrying
2025-07-07 15:00:46,370 - INFO - Event E315 processed: Failed to write snapshot to disk
2025-07-07 15:00:48,376 - INFO - Event E303 processed: Connection loss to leader
2025-07-07 15:00:50,388 - INFO - Event E306 processed: Transaction log corrupted
2025-07-07 15:00:52,398 - INFO - Event E83 processed: Session 0x1a2b3c nearing expiration
2025-07-07 15:00:54,411 - INFO - Event E96 processed: Client request queue depth high
2025-07-07 15:00:56,424 - INFO - Event E30 processed: Committed transaction proposal
2025-07-07 15:00:58,432 - INFO - Event E54 processed: Initialized data tree
2025-07-07 15:01:00,441 - INFO - Event E84 processed: Fsync delay detected
2025-07-07 15:01:02,453 - INFO - Event E68 processed: Unable to recover from snapshot
2025-07-07 15:01:04,458 - INFO - Event E7 processed: Socket exception on port 2181
2025-07-07 15:01:06,462 - INFO - Event E87 processed: Proposed zxid not increasing
2025-07-07 15:01:08,471 - INFO - Event E84 processed: Proposed zxid not increasing
2025-07-07 15:01:10,482 - INFO - Event E4 processed: Initialized data tree
2025-07-07 15:01:12,488 - INFO - Event E91 processed: Too many outstanding requests
2025-07-07 15:01:14,501 - INFO - Event E1 processed: Session expired for client 0x2b3c4d
2025-07-07 15:01:16,508 - INFO - Event E3 processed: Leader ping timeout
2025-07-07 15:01:18,513 - INFO - Event E69 processed: Processing client request of type exists
2025-07-07 15:01:20,526 - INFO - Event E71 processed: Connection established to ZooKeeper server
2025-07-07 15:01:22,536 - INFO - Event E26 processed: Auth failure for client 192.168.1.10
2025-07-07 15:01:24,542 - INFO - Event E5 processed: Too many outstanding requests
2025-07-07 15:01:26,554 - INFO - Event E9 processed: Committed transaction proposal
2025-07-07 15:01:28,562 - INFO - Event E81 processed: Client request timed out
2025-07-07 15:01:30,564 - INFO - Event E45 processed: Exceeded watch count limit
2025-07-07 15:01:32,572 - INFO - Event E70 processed: Connection to 192.168.1.11 refused, retrying
2025-07-07 15:01:34,582 - INFO - Event E64 processed: Watch set on path /app/config
2025-07-07 15:01:36,587 - INFO - Event E38 processed: Watch set on path /app/config
2025-07-07 15:01:38,593 - INFO - Event E51 processed: Syncing data with leader
2025-07-07 15:01:40,598 - INFO - Event E37 processed: Watch set on path /app/config
2025-07-07 15:01:42,602 - INFO - Event E41 processed: Exceeded watch count limit
2025-07-07 15:01:44,607 - INFO - Event E74 processed: Socket exception on port 2181
2025-07-07 15:01:46,616 - INFO - Event E99 processed: Processing client request of type exists
2025-07-07 15:01:48,631 - INFO - Event E83 processed: Proposed zxid not increasing
2025-07-07 15:01:50,637 - INFO - Event E40 processed: Leader ping timeout
2025-07-07 15:01:52,646 - INFO - Event E34 processed: Slow response from leader
2025-07-07 15:01:54,653 - INFO - Event E2 processed: New session created with session ID 0x0a1b2c
2025-07-07 15:01:56,664 - INFO - Event E41 processed: New session created with session ID 0x0a1b2c
2025-07-07 15:01:58,677 - INFO - Event E52 processed: Leader accepted connection from follower
2025-07-07 15:02:00,686 - INFO - Event E35 processed: Fsync delay detected
2025-07-07 15:02:02,696 - INFO - Event E58 processed: Proposed zxid not increasing
2025-07-07 15:02:04,708 - INFO - Event E13 processed: Session 0x1a2b3c nearing expiration
2025-07-07 15:02:06,721 - INFO - Event E11 processed: Auth failure for client 192.168.1.10
2025-07-07 15:02:08,725 - INFO - Event E61 processed: Leader ping timeout
2025-07-07 15:02:10,735 - INFO - Event E83 processed: Client request queue depth high
2025-07-07 15:02:12,747 - INFO - Event E4 processed: New session created with session ID 0x0a1b2c
2025-07-07 15:02:14,752 - INFO - Event E23 processed: Follower starting handshake with leader
2025-07-07 15:02:16,761 - INFO - Event E41 processed: Ephemeral node created at path /app/node1
2025-07-07 15:02:18,764 - INFO - Event E37 processed: Initialized data tree
2025-07-07 15:02:20,777 - INFO - Event E45 processed: Connection established to ZooKeeper server
2025-07-07 15:02:22,781 - INFO - Event E81 processed: Syncing data with leader
2025-07-07 15:02:24,787 - INFO - Event E21 processed: Ephemeral node created at path /app/node1
2025-07-07 15:02:26,798 - INFO - Event E36 processed: Session 0x1a2b3c nearing expiration
2025-07-07 15:02:28,808 - INFO - Event E94 processed: Connection established to ZooKeeper server
2025-07-07 15:02:30,821 - INFO - Event E68 processed: Connection established to ZooKeeper server
2025-07-07 15:02:32,828 - INFO - Event E68 processed: Connection reset by peer
2025-07-07 15:02:34,837 - INFO - Event E17 processed: New session created with session ID 0x0a1b2c
2025-07-07 15:02:36,846 - INFO - Event E17 processed: Connection to 192.168.1.11 refused, retrying
2025-07-07 15:02:38,856 - INFO - Event E63 processed: Follower starting handshake with leader
2025-07-07 15:02:40,857 - INFO - Event E73 processed: Slow response from leader
2025-07-07 15:02:42,868 - INFO - Event E60 processed: Client request queue depth high
2025-07-07 15:02:44,884 - INFO - Event E66 processed: Session 0x1a2b3c nearing expiration
2025-07-07 15:02:46,893 - INFO - Event E34 processed: Syncing data with leader
2025-07-07 15:02:48,900 - INFO - Event E10 processed: Too many outstanding requests
2025-07-07 15:02:50,912 - INFO - Event E71 processed: Ephemeral node created at path /app/node1
2025-07-07 15:02:52,922 - INFO - Event E43 processed: ZooKeeper service unavailable
2025-07-07 15:02:54,935 - INFO - Event E98 processed: Slow response from leader
2025-07-07 15:02:56,938 - INFO - Event E18 processed: Auth failure for client 192.168.1.10
2025-07-07 15:02:58,949 - INFO - Event E10 processed: Too many outstanding requests
2025-07-07 15:03:00,954 - INFO - Event E71 processed: Leader accepted connection from follower
2025-07-07 15:03:02,959 - INFO - Event E46 processed: Connection reset by peer
2025-07-07 15:03:04,962 - INFO - Event E49 processed: Processing client request of type exists
2025-07-07 15:03:06,973 - INFO - Event E65 processed: Fsync delay detected
2025-07-07 15:03:08,996 - INFO - Event E50 processed: Initialized data tree
2025-07-07 15:03:11,006 - INFO - Event E23 processed: Session expired for client 0x2b3c4d
2025-07-07 15:03:13,014 - INFO - Event E20 processed: No quorum of peers available
2025-07-07 15:03:15,026 - INFO - Event E72 processed: Proposed zxid not increasing
2025-07-07 15:03:17,036 - INFO - Event E10 processed: Slow response from leader
2025-07-07 15:03:19,041 - INFO - Event E94 processed: Too many outstanding requests
2025-07-07 15:03:21,048 - INFO - Event E71 processed: Connection to 192.168.1.11 refused, retrying
2025-07-07 15:03:23,063 - INFO - Event E61 processed: Follower starting handshake with leader
2025-07-07 15:03:25,070 - INFO - Event E71 processed: Session 0x1a2b3c nearing expiration
2025-07-07 15:03:27,082 - INFO - Event E72 processed: Socket exception on port 2181
2025-07-07 15:03:29,084 - INFO - Event E18 processed: Processing client request of type exists
2025-07-07 15:03:31,092 - INFO - Event E85 processed: Unexpected exception in LeaderElection: NullPointerException
2025-07-07 15:03:33,105 - INFO - Event E63 processed: Committed transaction proposal
2025-07-07 15:03:35,114 - INFO - Event E60 processed: New session created with session ID 0x0a1b2c
2025-07-07 15:03:37,122 - INFO - Event E10 processed: Syncing data with leader
2025-07-07 15:03:39,131 - INFO - Event E21 processed: Follower starting handshake with leader
2025-07-12 16:16:15,366 - INFO - Event E11 processed: Auth failure for client 192.168.1.10
2025-07-12 16:16:17,372 - INFO - Event E75 processed: Watch set on path /app/config
2025-07-12 16:16:19,388 - INFO - Event E39 processed: Initialized data tree
2025-07-12 16:16:21,401 - INFO - Event E65 processed: New session created with session ID 0x0a1b2c
2025-07-12 16:16:23,408 - INFO - Event E77 processed: Leader ping timeout
2025-07-12 16:16:25,418 - INFO - Event E2 processed: New session created with session ID 0x0a1b2c
2025-07-12 16:16:27,431 - INFO - Event E329 processed: Failed to write snapshot to disk
2025-07-12 16:16:29,434 - INFO - Event E343 processed: Unexpected exception in LeaderElection: NullPointerException
2025-07-12 16:16:31,442 - INFO - Event E313 processed: Failed to write snapshot to disk
2025-07-12 16:16:33,449 - INFO - Event E91 processed: Syncing data with leader
2025-07-12 16:16:35,461 - INFO - Event E46 processed: Too many outstanding requests
2025-07-12 16:16:37,463 - INFO - Event E92 processed: Committed transaction proposal
2025-07-12 16:16:39,475 - INFO - Event E393 processed: Service outage detected
2025-07-12 16:16:41,481 - INFO - Event E68 processed: Initialized data tree
2025-07-12 16:16:43,484 - INFO - Event E377 processed: No quorum of peers available
2025-07-12 16:16:45,492 - INFO - Event E337 processed: No quorum of peers available
2025-07-12 16:16:47,501 - INFO - Event E87 processed: No quorum of peers available
2025-07-12 16:16:49,504 - INFO - Event E24 processed: Syncing data with leader
2025-07-12 16:16:51,511 - INFO - Event E1 processed: Initialized data tree
2025-07-12 16:16:53,522 - INFO - Event E86 processed: Connection reset by peer
2025-07-12 16:16:55,535 - INFO - Event E61 processed: Session expired for client 0x2b3c4d
2025-07-12 16:16:57,541 - INFO - Event E67 processed: Connection to 192.168.1.11 refused, retrying
2025-07-12 16:16:59,550 - INFO - Event E315 processed: Failed to write snapshot to disk
2025-07-12 16:17:01,552 - INFO - Event E303 processed: Connection loss to leader
2025-07-12 16:17:03,563 - INFO - Event E306 processed: Transaction log corrupted
2025-07-12 16:17:05,578 - INFO - Event E83 processed: Session 0x1a2b3c nearing expiration
2025-07-12 16:17:07,591 - INFO - Event E96 processed: Client request queue depth high
2025-07-12 16:17:09,606 - INFO - Event E30 processed: Committed transaction proposal
2025-07-12 16:17:11,610 - INFO - Event E54 processed: Initialized data tree
2025-07-12 16:17:13,616 - INFO - Event E84 processed: Fsync delay detected
2025-07-12 16:17:15,629 - INFO - Event E68 processed: Unable to recover from snapshot
2025-07-12 16:17:17,634 - INFO - Event E7 processed: Socket exception on port 2181
2025-07-12 16:17:19,641 - INFO - Event E87 processed: Proposed zxid not increasing
2025-07-12 16:17:21,643 - INFO - Event E84 processed: Proposed zxid not increasing
2025-07-12 16:17:23,646 - INFO - Event E4 processed: Initialized data tree
2025-07-12 16:17:25,661 - INFO - Event E91 processed: Too many outstanding requests
2025-07-12 16:17:27,668 - INFO - Event E1 processed: Session expired for client 0x2b3c4d
2025-07-12 16:17:29,676 - INFO - Event E3 processed: Leader ping timeout
2025-07-12 16:17:31,682 - INFO - Event E69 processed: Processing client request of type exists
2025-07-12 16:17:33,691 - INFO - Event E71 processed: Connection established to ZooKeeper server
2025-07-12 16:17:35,700 - INFO - Event E26 processed: Auth failure for client 192.168.1.10
2025-07-12 16:17:37,706 - INFO - Event E5 processed: Too many outstanding requests
2025-07-12 16:17:39,717 - INFO - Event E9 processed: Committed transaction proposal
2025-07-12 16:17:41,723 - INFO - Event E81 processed: Client request timed out
2025-07-12 16:17:43,734 - INFO - Event E45 processed: Exceeded watch count limit
2025-07-12 16:17:45,736 - INFO - Event E70 processed: Connection to 192.168.1.11 refused, retrying
2025-07-12 16:17:47,746 - INFO - Event E64 processed: Watch set on path /app/config
2025-07-12 16:17:49,747 - INFO - Event E38 processed: Watch set on path /app/config
2025-07-12 16:17:51,751 - INFO - Event E51 processed: Syncing data with leader
2025-07-12 16:17:53,762 - INFO - Event E37 processed: Watch set on path /app/config
2025-07-12 16:17:55,763 - INFO - Event E41 processed: Exceeded watch count limit
2025-07-12 16:17:57,778 - INFO - Event E74 processed: Socket exception on port 2181
2025-07-12 16:17:59,785 - INFO - Event E99 processed: Processing client request of type exists
2025-07-12 16:18:01,797 - INFO - Event E83 processed: Proposed zxid not increasing
2025-07-12 16:18:03,805 - INFO - Event E40 processed: Leader ping timeout
2025-07-12 16:18:05,816 - INFO - Event E34 processed: Slow response from leader
2025-07-12 16:18:07,817 - INFO - Event E2 processed: New session created with session ID 0x0a1b2c
2025-07-12 16:18:09,832 - INFO - Event E41 processed: New session created with session ID 0x0a1b2c
2025-07-12 16:18:11,848 - INFO - Event E52 processed: Leader accepted connection from follower
2025-07-12 16:18:13,853 - INFO - Event E35 processed: Fsync delay detected
2025-07-12 16:18:15,861 - INFO - Event E58 processed: Proposed zxid not increasing
2025-07-12 16:18:17,866 - INFO - Event E13 processed: Session 0x1a2b3c nearing expiration
2025-07-12 16:18:19,874 - INFO - Event E11 processed: Auth failure for client 192.168.1.10
2025-07-12 16:18:21,877 - INFO - Event E61 processed: Leader ping timeout
2025-07-12 16:18:23,885 - INFO - Event E83 processed: Client request queue depth high
2025-07-12 16:18:25,887 - INFO - Event E4 processed: New session created with session ID 0x0a1b2c
2025-07-12 16:18:27,894 - INFO - Event E23 processed: Follower starting handshake with leader
2025-07-12 16:18:29,896 - INFO - Event E41 processed: Ephemeral node created at path /app/node1
2025-07-12 16:18:31,898 - INFO - Event E37 processed: Initialized data tree
2025-07-12 16:18:33,901 - INFO - Event E45 processed: Connection established to ZooKeeper server
2025-07-12 16:18:35,903 - INFO - Event E81 processed: Syncing data with leader
2025-07-12 16:18:37,911 - INFO - Event E21 processed: Ephemeral node created at path /app/node1
2025-07-12 16:18:39,916 - INFO - Event E36 processed: Session 0x1a2b3c nearing expiration
2025-07-12 16:18:41,924 - INFO - Event E94 processed: Connection established to ZooKeeper server
2025-07-12 16:18:43,935 - INFO - Event E68 processed: Connection established to ZooKeeper server
2025-07-12 16:18:45,948 - INFO - Event E68 processed: Connection reset by peer
2025-07-12 16:18:47,950 - INFO - Event E17 processed: New session created with session ID 0x0a1b2c
2025-07-12 16:18:49,966 - INFO - Event E17 processed: Connection to 192.168.1.11 refused, retrying
2025-07-12 16:18:51,967 - INFO - Event E63 processed: Follower starting handshake with leader
2025-07-12 16:18:53,981 - INFO - Event E73 processed: Slow response from leader
2025-07-12 16:18:55,993 - INFO - Event E60 processed: Client request queue depth high
2025-07-12 16:18:58,001 - INFO - Event E66 processed: Session 0x1a2b3c nearing expiration
2025-07-12 16:19:00,018 - INFO - Event E34 processed: Syncing data with leader
2025-07-12 16:19:02,030 - INFO - Event E10 processed: Too many outstanding requests
2025-07-12 16:19:04,045 - INFO - Event E71 processed: Ephemeral node created at path /app/node1
2025-07-12 16:19:06,057 - INFO - Event E43 processed: ZooKeeper service unavailable
2025-07-12 16:19:08,062 - INFO - Event E98 processed: Slow response from leader
2025-07-12 16:19:10,077 - INFO - Event E18 processed: Auth failure for client 192.168.1.10
2025-07-12 16:19:12,089 - INFO - Event E10 processed: Too many outstanding requests
2025-07-12 16:19:14,093 - INFO - Event E71 processed: Leader accepted connection from follower
2025-07-12 16:19:16,103 - INFO - Event E46 processed: Connection reset by peer
2025-07-12 16:19:18,113 - INFO - Event E49 processed: Processing client request of type exists
2025-07-12 16:19:20,121 - INFO - Event E65 processed: Fsync delay detected
2025-07-12 16:19:22,133 - INFO - Event E50 processed: Initialized data tree
2025-07-12 16:19:24,138 - INFO - Event E23 processed: Session expired for client 0x2b3c4d
2025-07-12 16:19:26,144 - INFO - Event E20 processed: No quorum of peers available
2025-07-12 16:19:28,161 - INFO - Event E72 processed: Proposed zxid not increasing
2025-07-12 16:19:30,174 - INFO - Event E10 processed: Slow response from leader
2025-07-12 16:19:32,187 - INFO - Event E94 processed: Too many outstanding requests
2025-07-12 16:19:34,189 - INFO - Event E71 processed: Connection to 192.168.1.11 refused, retrying
2025-07-12 16:19:36,199 - INFO - Event E61 processed: Follower starting handshake with leader
2025-07-12 16:19:38,206 - INFO - Event E71 processed: Session 0x1a2b3c nearing expiration
2025-07-12 16:19:40,209 - INFO - Event E72 processed: Socket exception on port 2181
2025-07-12 16:19:42,217 - INFO - Event E18 processed: Processing client request of type exists
2025-07-12 16:19:44,224 - INFO - Event E85 processed: Unexpected exception in LeaderElection: NullPointerException
2025-07-12 16:19:46,233 - INFO - Event E63 processed: Committed transaction proposal
2025-07-12 16:19:48,247 - INFO - Event E60 processed: New session created with session ID 0x0a1b2c
2025-07-12 16:19:50,253 - INFO - Event E10 processed: Syncing data with leader
2025-07-12 16:19:52,263 - INFO - Event E21 processed: Follower starting handshake with leader
2025-07-12 16:22:50,885 - INFO - Event E11 processed: Auth failure for client 192.168.1.10
2025-07-12 16:22:52,890 - INFO - Event E75 processed: Watch set on path /app/config
2025-07-12 16:22:54,899 - INFO - Event E39 processed: Initialized data tree
2025-07-12 16:22:56,904 - INFO - Event E65 processed: New session created with session ID 0x0a1b2c
2025-07-12 16:22:58,914 - INFO - Event E77 processed: Leader ping timeout
2025-07-12 16:23:00,920 - INFO - Event E2 processed: New session created with session ID 0x0a1b2c
2025-07-12 16:23:02,936 - INFO - Event E329 processed: Failed to write snapshot to disk
2025-07-12 16:23:04,942 - INFO - Event E343 processed: Unexpected exception in LeaderElection: NullPointerException
2025-07-12 16:23:06,957 - INFO - Event E313 processed: Failed to write snapshot to disk
2025-07-12 16:23:08,959 - INFO - Event E91 processed: Syncing data with leader
2025-07-12 16:23:10,965 - INFO - Event E46 processed: Too many outstanding requests
2025-07-12 16:23:12,976 - INFO - Event E92 processed: Committed transaction proposal
2025-07-12 16:23:14,987 - INFO - Event E393 processed: Service outage detected
2025-07-12 16:23:16,992 - INFO - Event E68 processed: Initialized data tree
2025-07-12 16:23:19,000 - INFO - Event E377 processed: No quorum of peers available
2025-07-12 16:23:21,016 - INFO - Event E337 processed: No quorum of peers available
2025-07-12 16:23:23,023 - INFO - Event E87 processed: No quorum of peers available
2025-07-12 16:23:25,036 - INFO - Event E24 processed: Syncing data with leader
2025-07-12 16:23:27,044 - INFO - Event E1 processed: Initialized data tree
2025-07-12 16:23:29,046 - INFO - Event E86 processed: Connection reset by peer
2025-07-12 16:23:31,052 - INFO - Event E61 processed: Session expired for client 0x2b3c4d
2025-07-12 16:23:33,064 - INFO - Event E67 processed: Connection to 192.168.1.11 refused, retrying
2025-07-12 16:23:35,079 - INFO - Event E315 processed: Failed to write snapshot to disk
2025-07-12 16:23:37,091 - INFO - Event E303 processed: Connection loss to leader
2025-07-12 16:23:39,096 - INFO - Event E306 processed: Transaction log corrupted
2025-07-12 16:23:41,109 - INFO - Event E83 processed: Session 0x1a2b3c nearing expiration
2025-07-12 16:23:43,110 - INFO - Event E96 processed: Client request queue depth high
2025-07-12 16:23:45,114 - INFO - Event E30 processed: Committed transaction proposal
2025-07-12 16:23:47,119 - INFO - Event E54 processed: Initialized data tree
2025-07-12 16:23:49,131 - INFO - Event E84 processed: Fsync delay detected
2025-07-12 16:23:51,141 - INFO - Event E68 processed: Unable to recover from snapshot
2025-07-12 16:23:53,142 - INFO - Event E7 processed: Socket exception on port 2181
2025-07-12 16:23:55,156 - INFO - Event E87 processed: Proposed zxid not increasing
2025-07-12 16:23:57,159 - INFO - Event E84 processed: Proposed zxid not increasing
2025-07-12 16:23:59,175 - INFO - Event E4 processed: Initialized data tree
2025-07-12 16:24:01,176 - INFO - Event E91 processed: Too many outstanding requests
2025-07-12 16:24:03,189 - INFO - Event E1 processed: Session expired for client 0x2b3c4d
2025-07-12 16:24:05,196 - INFO - Event E3 processed: Leader ping timeout
2025-07-12 16:24:07,198 - INFO - Event E69 processed: Processing client request of type exists
2025-07-12 16:24:09,211 - INFO - Event E71 processed: Connection established to ZooKeeper server
2025-07-12 16:24:11,220 - INFO - Event E26 processed: Auth failure for client 192.168.1.10
2025-07-12 16:24:13,233 - INFO - Event E5 processed: Too many outstanding requests
2025-07-12 16:24:15,240 - INFO - Event E9 processed: Committed transaction proposal
2025-07-12 16:24:17,253 - INFO - Event E81 processed: Client request timed out
2025-07-12 16:24:19,269 - INFO - Event E45 processed: Exceeded watch count limit
2025-07-12 16:24:21,271 - INFO - Event E70 processed: Connection to 192.168.1.11 refused, retrying
2025-07-12 16:24:23,275 - INFO - Event E64 processed: Watch set on path /app/config
2025-07-12 16:24:25,284 - INFO - Event E38 processed: Watch set on path /app/config
2025-07-12 16:24:27,293 - INFO - Event E51 processed: Syncing data with leader
2025-07-12 16:24:29,299 - INFO - Event E37 processed: Watch set on path /app/config
2025-07-12 16:24:31,309 - INFO - Event E41 processed: Exceeded watch count limit
2025-07-12 16:24:33,324 - INFO - Event E74 processed: Socket exception on port 2181
2025-07-12 16:24:35,331 - INFO - Event E99 processed: Processing client request of type exists
2025-07-12 16:24:37,342 - INFO - Event E83 processed: Proposed zxid not increasing
2025-07-12 16:24:39,355 - INFO - Event E40 processed: Leader ping timeout
2025-07-12 16:24:41,360 - INFO - Event E34 processed: Slow response from leader
2025-07-12 16:24:43,373 - INFO - Event E2 processed: New session created with session ID 0x0a1b2c
2025-07-12 16:24:45,376 - INFO - Event E41 processed: New session created with session ID 0x0a1b2c
2025-07-12 16:24:47,383 - INFO - Event E52 processed: Leader accepted connection from follower
2025-07-12 16:24:49,397 - INFO - Event E35 processed: Fsync delay detected
2025-07-12 16:24:51,406 - INFO - Event E58 processed: Proposed zxid not increasing
2025-07-12 16:24:53,417 - INFO - Event E13 processed: Session 0x1a2b3c nearing expiration
2025-07-12 16:24:55,432 - INFO - Event E11 processed: Auth failure for client 192.168.1.10
2025-07-12 16:24:57,424 - INFO - Event E61 processed: Leader ping timeout
2025-07-12 16:24:59,438 - INFO - Event E83 processed: Client request queue depth high
2025-07-12 16:25:01,447 - INFO - Event E4 processed: New session created with session ID 0x0a1b2c
2025-07-12 16:25:03,459 - INFO - Event E23 processed: Follower starting handshake with leader
2025-07-12 16:25:05,475 - INFO - Event E41 processed: Ephemeral node created at path /app/node1
2025-07-12 16:25:07,477 - INFO - Event E37 processed: Initialized data tree
2025-07-12 16:25:09,479 - INFO - Event E45 processed: Connection established to ZooKeeper server
2025-07-12 16:25:11,483 - INFO - Event E81 processed: Syncing data with leader
2025-07-12 16:25:13,498 - INFO - Event E21 processed: Ephemeral node created at path /app/node1
2025-07-12 16:25:15,504 - INFO - Event E36 processed: Session 0x1a2b3c nearing expiration
2025-07-12 16:25:17,515 - INFO - Event E94 processed: Connection established to ZooKeeper server
2025-07-12 16:25:19,519 - INFO - Event E68 processed: Connection established to ZooKeeper server
2025-07-12 16:25:21,523 - INFO - Event E68 processed: Connection reset by peer
2025-07-12 16:25:23,535 - INFO - Event E17 processed: New session created with session ID 0x0a1b2c
2025-07-12 16:25:25,546 - INFO - Event E17 processed: Connection to 192.168.1.11 refused, retrying
2025-07-12 16:25:27,548 - INFO - Event E63 processed: Follower starting handshake with leader
2025-07-12 16:25:29,563 - INFO - Event E73 processed: Slow response from leader
2025-07-12 16:25:31,576 - INFO - Event E60 processed: Client request queue depth high
2025-07-12 16:25:33,591 - INFO - Event E66 processed: Session 0x1a2b3c nearing expiration
2025-07-12 16:25:35,603 - INFO - Event E34 processed: Syncing data with leader
2025-07-12 16:25:37,615 - INFO - Event E10 processed: Too many outstanding requests
2025-07-12 16:25:39,625 - INFO - Event E71 processed: Ephemeral node created at path /app/node1
2025-07-12 16:25:41,640 - INFO - Event E43 processed: ZooKeeper service unavailable
2025-07-12 16:25:43,652 - INFO - Event E98 processed: Slow response from leader
2025-07-12 16:25:45,655 - INFO - Event E18 processed: Auth failure for client 192.168.1.10
2025-07-12 16:25:47,662 - INFO - Event E10 processed: Too many outstanding requests
2025-07-12 16:25:49,675 - INFO - Event E71 processed: Leader accepted connection from follower
2025-07-12 16:25:51,677 - INFO - Event E46 processed: Connection reset by peer
2025-07-12 16:25:53,687 - INFO - Event E49 processed: Processing client request of type exists
2025-07-12 16:25:55,703 - INFO - Event E65 processed: Fsync delay detected
2025-07-12 16:25:57,709 - INFO - Event E50 processed: Initialized data tree
2025-07-12 16:25:59,719 - INFO - Event E23 processed: Session expired for client 0x2b3c4d
2025-07-12 16:26:01,728 - INFO - Event E20 processed: No quorum of peers available
2025-07-12 16:26:03,731 - INFO - Event E72 processed: Proposed zxid not increasing
2025-07-12 16:26:05,736 - INFO - Event E10 processed: Slow response from leader
2025-07-12 16:26:07,738 - INFO - Event E94 processed: Too many outstanding requests
2025-07-12 16:26:09,747 - INFO - Event E71 processed: Connection to 192.168.1.11 refused, retrying
2025-07-12 16:26:11,753 - INFO - Event E61 processed: Follower starting handshake with leader
2025-07-12 16:26:13,760 - INFO - Event E71 processed: Session 0x1a2b3c nearing expiration
2025-07-12 16:26:15,772 - INFO - Event E72 processed: Socket exception on port 2181
2025-07-12 16:26:17,780 - INFO - Event E18 processed: Processing client request of type exists
2025-07-12 16:26:19,784 - INFO - Event E85 processed: Unexpected exception in LeaderElection: NullPointerException
2025-07-12 16:26:21,786 - INFO - Event E63 processed: Committed transaction proposal
2025-07-12 16:26:23,790 - INFO - Event E60 processed: New session created with session ID 0x0a1b2c
2025-07-12 16:26:25,793 - INFO - Event E10 processed: Syncing data with leader
2025-07-12 16:26:27,800 - INFO - Event E21 processed: Follower starting handshake with leader
2025-07-12 16:33:09,847 - INFO - Event E11 processed: Auth failure for client 192.168.1.10
2025-07-12 16:33:11,854 - INFO - Event E75 processed: Watch set on path /app/config
2025-07-12 16:33:13,866 - INFO - Event E39 processed: Initialized data tree
2025-07-12 16:33:15,874 - INFO - Event E65 processed: New session created with session ID 0x0a1b2c
2025-07-12 16:33:17,887 - INFO - Event E77 processed: Leader ping timeout
2025-07-12 16:33:19,903 - INFO - Event E2 processed: New session created with session ID 0x0a1b2c
2025-07-12 16:33:21,919 - INFO - Event E329 processed: Failed to write snapshot to disk
2025-07-12 16:33:23,927 - INFO - Event E343 processed: Unexpected exception in LeaderElection: NullPointerException
2025-07-12 16:33:25,937 - INFO - Event E313 processed: Failed to write snapshot to disk
2025-07-12 16:33:27,942 - INFO - Event E91 processed: Syncing data with leader
2025-07-12 16:33:29,946 - INFO - Event E46 processed: Too many outstanding requests
2025-07-12 16:33:31,952 - INFO - Event E92 processed: Committed transaction proposal
2025-07-12 16:33:33,967 - INFO - Event E393 processed: Service outage detected
2025-07-12 16:33:35,982 - INFO - Event E68 processed: Initialized data tree
2025-07-12 16:33:37,987 - INFO - Event E377 processed: No quorum of peers available
2025-07-12 16:33:39,995 - INFO - Event E337 processed: No quorum of peers available
2025-07-12 16:33:42,003 - INFO - Event E87 processed: No quorum of peers available
2025-07-12 16:33:44,019 - INFO - Event E24 processed: Syncing data with leader
2025-07-12 16:33:46,030 - INFO - Event E1 processed: Initialized data tree
2025-07-12 16:33:48,038 - INFO - Event E86 processed: Connection reset by peer
2025-07-12 16:33:50,041 - INFO - Event E61 processed: Session expired for client 0x2b3c4d
2025-07-12 16:33:52,052 - INFO - Event E67 processed: Connection to 192.168.1.11 refused, retrying
2025-07-12 16:33:54,053 - INFO - Event E315 processed: Failed to write snapshot to disk
2025-07-12 16:33:56,058 - INFO - Event E303 processed: Connection loss to leader
2025-07-12 16:33:58,069 - INFO - Event E306 processed: Transaction log corrupted
2025-07-12 16:34:00,078 - INFO - Event E83 processed: Session 0x1a2b3c nearing expiration
2025-07-12 16:34:02,085 - INFO - Event E96 processed: Client request queue depth high
2025-07-12 16:34:04,096 - INFO - Event E30 processed: Committed transaction proposal
2025-07-12 16:34:06,103 - INFO - Event E54 processed: Initialized data tree
2025-07-12 16:34:08,107 - INFO - Event E84 processed: Fsync delay detected
2025-07-12 16:34:10,110 - INFO - Event E68 processed: Unable to recover from snapshot
2025-07-12 16:34:12,124 - INFO - Event E7 processed: Socket exception on port 2181
2025-07-12 16:34:14,129 - INFO - Event E87 processed: Proposed zxid not increasing
2025-07-12 16:34:16,134 - INFO - Event E84 processed: Proposed zxid not increasing
2025-07-12 16:34:18,139 - INFO - Event E4 processed: Initialized data tree
2025-07-12 16:34:20,154 - INFO - Event E91 processed: Too many outstanding requests
2025-07-12 16:34:22,170 - INFO - Event E1 processed: Session expired for client 0x2b3c4d
2025-07-12 16:34:24,179 - INFO - Event E3 processed: Leader ping timeout
2025-07-12 16:34:26,190 - INFO - Event E69 processed: Processing client request of type exists
2025-07-12 16:34:28,203 - INFO - Event E71 processed: Connection established to ZooKeeper server
2025-07-12 16:34:30,216 - INFO - Event E26 processed: Auth failure for client 192.168.1.10
2025-07-12 16:34:32,226 - INFO - Event E5 processed: Too many outstanding requests
2025-07-12 16:34:34,233 - INFO - Event E9 processed: Committed transaction proposal
2025-07-12 16:34:36,243 - INFO - Event E81 processed: Client request timed out
2025-07-12 16:34:38,244 - INFO - Event E45 processed: Exceeded watch count limit
2025-07-12 16:34:40,251 - INFO - Event E70 processed: Connection to 192.168.1.11 refused, retrying
2025-07-12 16:34:42,258 - INFO - Event E64 processed: Watch set on path /app/config
2025-07-12 16:34:44,261 - INFO - Event E38 processed: Watch set on path /app/config
2025-07-12 16:34:46,263 - INFO - Event E51 processed: Syncing data with leader
2025-07-12 16:34:48,276 - INFO - Event E37 processed: Watch set on path /app/config
2025-07-12 16:34:50,277 - INFO - Event E41 processed: Exceeded watch count limit
2025-07-12 16:34:52,285 - INFO - Event E74 processed: Socket exception on port 2181
2025-07-12 16:34:54,294 - INFO - Event E99 processed: Processing client request of type exists
2025-07-12 16:34:56,300 - INFO - Event E83 processed: Proposed zxid not increasing
2025-07-12 16:34:58,312 - INFO - Event E40 processed: Leader ping timeout
2025-07-12 16:35:00,314 - INFO - Event E34 processed: Slow response from leader
2025-07-12 16:35:02,328 - INFO - Event E2 processed: New session created with session ID 0x0a1b2c
2025-07-12 16:35:04,336 - INFO - Event E41 processed: New session created with session ID 0x0a1b2c
2025-07-12 16:35:06,348 - INFO - Event E52 processed: Leader accepted connection from follower
2025-07-12 16:35:08,358 - INFO - Event E35 processed: Fsync delay detected
2025-07-12 16:35:10,370 - INFO - Event E58 processed: Proposed zxid not increasing
2025-07-12 16:35:12,381 - INFO - Event E13 processed: Session 0x1a2b3c nearing expiration
2025-07-12 16:35:14,395 - INFO - Event E11 processed: Auth failure for client 192.168.1.10
2025-07-12 16:35:16,407 - INFO - Event E61 processed: Leader ping timeout
2025-07-12 16:35:18,414 - INFO - Event E83 processed: Client request queue depth high
2025-07-12 16:35:20,417 - INFO - Event E4 processed: New session created with session ID 0x0a1b2c
2025-07-12 16:35:22,424 - INFO - Event E23 processed: Follower starting handshake with leader
2025-07-12 16:35:24,437 - INFO - Event E41 processed: Ephemeral node created at path /app/node1
2025-07-12 16:35:26,450 - INFO - Event E37 processed: Initialized data tree
2025-07-12 16:35:28,463 - INFO - Event E45 processed: Connection established to ZooKeeper server
2025-07-12 16:35:30,477 - INFO - Event E81 processed: Syncing data with leader
2025-07-12 16:35:32,483 - INFO - Event E21 processed: Ephemeral node created at path /app/node1
2025-07-12 16:35:34,490 - INFO - Event E36 processed: Session 0x1a2b3c nearing expiration
2025-07-12 16:35:36,502 - INFO - Event E94 processed: Connection established to ZooKeeper server
2025-07-12 16:35:38,514 - INFO - Event E68 processed: Connection established to ZooKeeper server
2025-07-12 16:35:40,530 - INFO - Event E68 processed: Connection reset by peer
2025-07-12 16:35:42,533 - INFO - Event E17 processed: New session created with session ID 0x0a1b2c
2025-07-12 16:35:44,542 - INFO - Event E17 processed: Connection to 192.168.1.11 refused, retrying
2025-07-12 16:35:46,558 - INFO - Event E63 processed: Follower starting handshake with leader
2025-07-12 16:35:48,569 - INFO - Event E73 processed: Slow response from leader
2025-07-12 16:35:50,584 - INFO - Event E60 processed: Client request queue depth high
2025-07-12 16:35:52,596 - INFO - Event E66 processed: Session 0x1a2b3c nearing expiration
2025-07-12 16:35:54,609 - INFO - Event E34 processed: Syncing data with leader
2025-07-12 16:35:56,621 - INFO - Event E10 processed: Too many outstanding requests
2025-07-12 16:35:58,634 - INFO - Event E71 processed: Ephemeral node created at path /app/node1
2025-07-12 16:36:00,636 - INFO - Event E43 processed: ZooKeeper service unavailable
2025-07-12 16:36:02,646 - INFO - Event E98 processed: Slow response from leader
2025-07-12 16:36:04,651 - INFO - Event E18 processed: Auth failure for client 192.168.1.10
2025-07-12 16:36:06,665 - INFO - Event E10 processed: Too many outstanding requests
2025-07-12 16:36:08,672 - INFO - Event E71 processed: Leader accepted connection from follower
2025-07-12 16:36:10,683 - INFO - Event E46 processed: Connection reset by peer
2025-07-12 16:36:12,685 - INFO - Event E49 processed: Processing client request of type exists
2025-07-12 16:36:14,692 - INFO - Event E65 processed: Fsync delay detected
2025-07-12 16:36:16,705 - INFO - Event E50 processed: Initialized data tree
2025-07-12 16:36:18,711 - INFO - Event E23 processed: Session expired for client 0x2b3c4d
2025-07-12 16:36:20,718 - INFO - Event E20 processed: No quorum of peers available
2025-07-12 16:36:22,726 - INFO - Event E72 processed: Proposed zxid not increasing
2025-07-12 16:36:24,735 - INFO - Event E10 processed: Slow response from leader
2025-07-12 16:36:26,744 - INFO - Event E94 processed: Too many outstanding requests
2025-07-12 16:36:28,748 - INFO - Event E71 processed: Connection to 192.168.1.11 refused, retrying
2025-07-12 16:36:30,759 - INFO - Event E61 processed: Follower starting handshake with leader
2025-07-12 16:36:32,770 - INFO - Event E71 processed: Session 0x1a2b3c nearing expiration
2025-07-12 16:36:34,779 - INFO - Event E72 processed: Socket exception on port 2181
2025-07-12 16:36:36,793 - INFO - Event E18 processed: Processing client request of type exists
2025-07-12 16:36:38,794 - INFO - Event E85 processed: Unexpected exception in LeaderElection: NullPointerException
2025-07-12 16:36:40,808 - INFO - Event E63 processed: Committed transaction proposal
2025-07-12 16:36:42,818 - INFO - Event E60 processed: New session created with session ID 0x0a1b2c
2025-07-12 16:36:44,825 - INFO - Event E10 processed: Syncing data with leader
2025-07-12 16:36:46,837 - INFO - Event E21 processed: Follower starting handshake with leader
2025-07-12 16:49:39,695 - INFO - Event E11 processed: Auth failure for client 192.168.1.10
2025-07-12 16:49:41,711 - INFO - Event E75 processed: Watch set on path /app/config
2025-07-12 16:49:43,714 - INFO - Event E39 processed: Initialized data tree
2025-07-12 16:49:45,719 - INFO - Event E65 processed: New session created with session ID 0x0a1b2c
2025-07-12 16:49:47,723 - INFO - Event E77 processed: Leader ping timeout
2025-07-12 16:49:49,737 - INFO - Event E2 processed: New session created with session ID 0x0a1b2c
2025-07-12 16:49:51,741 - INFO - Event E329 processed: Failed to write snapshot to disk
2025-07-12 16:49:53,750 - INFO - Event E343 processed: Unexpected exception in LeaderElection: NullPointerException
2025-07-12 16:49:55,753 - INFO - Event E313 processed: Failed to write snapshot to disk
2025-07-12 16:49:57,764 - INFO - Event E91 processed: Syncing data with leader
2025-07-12 16:49:59,772 - INFO - Event E46 processed: Too many outstanding requests
2025-07-12 16:50:01,787 - INFO - Event E92 processed: Committed transaction proposal
2025-07-12 16:50:03,791 - INFO - Event E393 processed: Service outage detected
2025-07-12 16:50:05,797 - INFO - Event E68 processed: Initialized data tree
2025-07-12 16:50:07,811 - INFO - Event E377 processed: No quorum of peers available
2025-07-12 16:50:09,824 - INFO - Event E337 processed: No quorum of peers available
2025-07-12 16:50:11,828 - INFO - Event E87 processed: No quorum of peers available
2025-07-12 16:50:13,836 - INFO - Event E24 processed: Syncing data with leader
2025-07-12 16:50:15,840 - INFO - Event E1 processed: Initialized data tree
2025-07-12 16:50:17,843 - INFO - Event E86 processed: Connection reset by peer
2025-07-12 16:50:19,856 - INFO - Event E61 processed: Session expired for client 0x2b3c4d
2025-07-12 16:50:21,858 - INFO - Event E67 processed: Connection to 192.168.1.11 refused, retrying
2025-07-12 16:50:23,860 - INFO - Event E315 processed: Failed to write snapshot to disk
2025-07-12 16:50:25,871 - INFO - Event E303 processed: Connection loss to leader
2025-07-12 16:50:27,887 - INFO - Event E306 processed: Transaction log corrupted
2025-07-12 16:50:29,902 - INFO - Event E83 processed: Session 0x1a2b3c nearing expiration
2025-07-12 16:50:31,917 - INFO - Event E96 processed: Client request queue depth high
2025-07-12 16:50:33,933 - INFO - Event E30 processed: Committed transaction proposal
2025-07-12 16:50:35,947 - INFO - Event E54 processed: Initialized data tree
2025-07-12 16:50:37,948 - INFO - Event E84 processed: Fsync delay detected
2025-07-12 16:50:39,951 - INFO - Event E68 processed: Unable to recover from snapshot
2025-07-12 16:50:41,965 - INFO - Event E7 processed: Socket exception on port 2181
2025-07-12 16:50:43,975 - INFO - Event E87 processed: Proposed zxid not increasing
2025-07-12 16:50:45,988 - INFO - Event E84 processed: Proposed zxid not increasing
2025-07-12 16:50:48,003 - INFO - Event E4 processed: Initialized data tree
2025-07-12 16:50:50,007 - INFO - Event E91 processed: Too many outstanding requests
2025-07-12 16:50:52,010 - INFO - Event E1 processed: Session expired for client 0x2b3c4d
2025-07-12 16:50:54,019 - INFO - Event E3 processed: Leader ping timeout
2025-07-12 16:50:56,032 - INFO - Event E69 processed: Processing client request of type exists
2025-07-12 16:50:58,047 - INFO - Event E71 processed: Connection established to ZooKeeper server
2025-07-12 16:51:00,048 - INFO - Event E26 processed: Auth failure for client 192.168.1.10
2025-07-12 16:51:02,064 - INFO - Event E5 processed: Too many outstanding requests
2025-07-12 16:51:04,081 - INFO - Event E9 processed: Committed transaction proposal
2025-07-12 16:51:06,094 - INFO - Event E81 processed: Client request timed out
2025-07-12 16:51:08,109 - INFO - Event E45 processed: Exceeded watch count limit
2025-07-12 16:51:10,122 - INFO - Event E70 processed: Connection to 192.168.1.11 refused, retrying
2025-07-12 16:51:12,135 - INFO - Event E64 processed: Watch set on path /app/config
2025-07-12 16:51:14,150 - INFO - Event E38 processed: Watch set on path /app/config
2025-07-12 16:51:16,165 - INFO - Event E51 processed: Syncing data with leader
2025-07-12 16:51:18,181 - INFO - Event E37 processed: Watch set on path /app/config
2025-07-12 16:51:20,194 - INFO - Event E41 processed: Exceeded watch count limit
2025-07-12 16:51:22,204 - INFO - Event E74 processed: Socket exception on port 2181
2025-07-12 16:51:24,214 - INFO - Event E99 processed: Processing client request of type exists
2025-07-12 16:51:26,230 - INFO - Event E83 processed: Proposed zxid not increasing
2025-07-12 16:51:28,245 - INFO - Event E40 processed: Leader ping timeout
2025-07-12 16:51:30,254 - INFO - Event E34 processed: Slow response from leader
2025-07-12 16:51:32,267 - INFO - Event E2 processed: New session created with session ID 0x0a1b2c
2025-07-12 16:51:34,272 - INFO - Event E41 processed: New session created with session ID 0x0a1b2c
2025-07-12 16:51:36,276 - INFO - Event E52 processed: Leader accepted connection from follower
2025-07-12 16:51:38,292 - INFO - Event E35 processed: Fsync delay detected
2025-07-12 16:51:40,308 - INFO - Event E58 processed: Proposed zxid not increasing
2025-07-12 16:51:42,313 - INFO - Event E13 processed: Session 0x1a2b3c nearing expiration
2025-07-12 16:51:44,316 - INFO - Event E11 processed: Auth failure for client 192.168.1.10
2025-07-12 16:51:46,327 - INFO - Event E61 processed: Leader ping timeout
2025-07-12 16:51:48,343 - INFO - Event E83 processed: Client request queue depth high
2025-07-12 16:51:50,345 - INFO - Event E4 processed: New session created with session ID 0x0a1b2c
2025-07-12 16:51:52,354 - INFO - Event E23 processed: Follower starting handshake with leader
2025-07-12 16:51:54,357 - INFO - Event E41 processed: Ephemeral node created at path /app/node1
2025-07-12 16:51:56,366 - INFO - Event E37 processed: Initialized data tree
2025-07-12 16:51:58,373 - INFO - Event E45 processed: Connection established to ZooKeeper server
2025-07-12 16:52:00,378 - INFO - Event E81 processed: Syncing data with leader
2025-07-12 16:52:02,381 - INFO - Event E21 processed: Ephemeral node created at path /app/node1
2025-07-12 16:52:04,387 - INFO - Event E36 processed: Session 0x1a2b3c nearing expiration
2025-07-12 16:52:06,395 - INFO - Event E94 processed: Connection established to ZooKeeper server
2025-07-12 16:52:08,406 - INFO - Event E68 processed: Connection established to ZooKeeper server
2025-07-12 16:52:10,422 - INFO - Event E68 processed: Connection reset by peer
2025-07-12 16:52:12,437 - INFO - Event E17 processed: New session created with session ID 0x0a1b2c
2025-07-12 16:52:14,450 - INFO - Event E17 processed: Connection to 192.168.1.11 refused, retrying
2025-07-12 16:52:16,462 - INFO - Event E63 processed: Follower starting handshake with leader
2025-07-12 16:52:18,465 - INFO - Event E73 processed: Slow response from leader
2025-07-12 16:52:20,481 - INFO - Event E60 processed: Client request queue depth high
2025-07-12 16:52:22,485 - INFO - Event E66 processed: Session 0x1a2b3c nearing expiration
2025-07-12 16:52:24,491 - INFO - Event E34 processed: Syncing data with leader
2025-07-12 16:52:26,498 - INFO - Event E10 processed: Too many outstanding requests
2025-07-12 16:52:28,511 - INFO - Event E71 processed: Ephemeral node created at path /app/node1
2025-07-12 16:52:30,526 - INFO - Event E43 processed: ZooKeeper service unavailable
2025-07-12 16:52:32,539 - INFO - Event E98 processed: Slow response from leader
2025-07-12 16:52:34,555 - INFO - Event E18 processed: Auth failure for client 192.168.1.10
2025-07-12 16:52:36,558 - INFO - Event E10 processed: Too many outstanding requests
2025-07-12 16:52:38,575 - INFO - Event E71 processed: Leader accepted connection from follower
2025-07-12 16:52:40,581 - INFO - Event E46 processed: Connection reset by peer
2025-07-12 16:52:42,592 - INFO - Event E49 processed: Processing client request of type exists
2025-07-12 16:52:44,607 - INFO - Event E65 processed: Fsync delay detected
2025-07-12 16:52:46,619 - INFO - Event E50 processed: Initialized data tree
2025-07-12 16:52:48,632 - INFO - Event E23 processed: Session expired for client 0x2b3c4d
2025-07-12 16:52:50,638 - INFO - Event E20 processed: No quorum of peers available
2025-07-12 16:52:52,654 - INFO - Event E72 processed: Proposed zxid not increasing
2025-07-12 16:52:54,661 - INFO - Event E10 processed: Slow response from leader
2025-07-12 16:52:56,665 - INFO - Event E94 processed: Too many outstanding requests
